[2024-08-26 08:00:05,754:INFO:main:welcome to our custom logging
[2024-08-26 08:38:32,573:INFO:main:welcome to our custom logging
[2024-08-26 08:38:44,187:INFO:main:welcome to our custom logging info
[2024-08-26 23:07:10,341:ERROR:1716928455:An error occurred while processing data ingestion: [Errno 2] No such file or directory: 'config.config.yaml'
[2024-08-26 23:09:15,148:ERROR:1716928455:An error occurred while processing data ingestion: [Errno 2] No such file or directory: 'config.config.yaml'
[2024-08-26 23:09:18,205:ERROR:1716928455:An error occurred while processing data ingestion: [Errno 2] No such file or directory: 'config.config.yaml'
[2024-08-26 23:09:31,810:ERROR:1716928455:An error occurred while processing data ingestion: [Errno 2] No such file or directory: 'config.config.yaml'
[2024-08-26 23:09:35,908:ERROR:1716928455:An error occurred while processing data ingestion: [Errno 2] No such file or directory: 'config.config.yaml'
[2024-08-26 23:10:53,419:ERROR:1716928455:An error occurred while processing data ingestion: [Errno 2] No such file or directory: 'config.config.yaml'
[2024-08-26 23:13:43,316:ERROR:1716928455:An error occurred while processing data ingestion: [Errno 2] No such file or directory: 'config.config.yaml'
[2024-08-26 23:14:37,849:ERROR:1716928455:An error occurred while processing data ingestion: [Errno 2] No such file or directory: 'config.config.yaml'
[2024-08-26 23:25:37,961:ERROR:1716928455:An error occurred while processing data ingestion: [Errno 2] No such file or directory: 'config/config.yaml'
[2024-08-26 23:41:37,946:ERROR:1716928455:An error occurred while processing data ingestion: [Errno 2] No such file or directory: 'config/config.yaml'
[2024-08-26 23:42:04,765:ERROR:1716928455:An error occurred while processing data ingestion: [Errno 2] No such file or directory: 'config/config.yaml'
[2024-08-26 23:43:49,803:ERROR:1716928455:An error occurred while processing data ingestion: mapping values are not allowed here
  in "config/config.yaml", line 3, column 15
[2024-08-27 06:11:25,058:INFO:common:yaml_file:config/config.yaml loaded successfully
[2024-08-27 06:11:25,065:INFO:common:yaml_file:params.yaml loaded successfully
[2024-08-27 06:11:25,067:ERROR:1716928455:An error occurred while processing data ingestion: yaml file is empty
[2024-08-27 11:03:27,040:INFO:common:yaml_file:config/config.yaml loaded successfully
[2024-08-27 11:03:27,044:INFO:common:yaml_file:params.yaml loaded successfully
[2024-08-27 11:03:27,045:ERROR:1716928455:An error occurred while processing data ingestion: yaml file is empty
[2024-08-27 11:05:21,810:INFO:common:yaml_file:config/config.yaml loaded successfully
[2024-08-27 11:05:21,812:INFO:common:yaml_file:params.yaml loaded successfully
[2024-08-27 11:05:21,813:ERROR:1716928455:An error occurred while processing data ingestion: yaml file is empty
[2024-08-27 11:06:09,522:INFO:common:yaml_file:config/config.yaml loaded successfully
[2024-08-27 11:06:09,524:INFO:common:yaml_file:params.yaml loaded successfully
[2024-08-27 11:11:56,330:INFO:common:yaml_file:config/config.yaml loaded successfully
[2024-08-27 11:11:56,335:INFO:common:yaml_file:params.yaml loaded successfully
[2024-08-27 11:12:43,755:INFO:common:yaml_file:config/config.yaml loaded successfully
[2024-08-27 11:12:43,757:INFO:common:yaml_file:params.yaml loaded successfully
[2024-08-27 11:13:18,537:INFO:common:Loaded YAML content: {'artifacts_root': 'artifacts', 'data_ingestion': {'root_dir': 'artifacts/data_ingestion', 'source_URL': 'https://github.com/Puzan789/Datas/raw/main/samsumdata.zip', 'local_data_file': 'artifacts/data_ingestion/data.zip', 'unzip_dir': 'artifacts/data_ingestion'}}
[2024-08-27 11:13:18,540:INFO:common:yaml_file:config/config.yaml loaded successfully
[2024-08-27 11:13:18,544:INFO:common:Loaded YAML content: key:value,
[2024-08-27 11:13:18,545:INFO:common:yaml_file:params.yaml loaded successfully
[2024-08-27 11:24:01,388:INFO:common:yaml_file:config/config.yaml loaded successfully with content: {'artifacts_root': 'artifacts', 'data_ingestion': {'root_dir': 'artifacts/data_ingestion', 'source_URL': 'https://github.com/Puzan789/Datas/raw/main/samsumdata.zip', 'local_data_file': 'artifacts/data_ingestion/data.zip', 'unzip_dir': 'artifacts/data_ingestion'}}
[2024-08-27 11:24:01,392:ERROR:common:An error occurred: yaml file is empty or contains invalid data structure
[2024-08-27 11:26:20,921:INFO:common:yaml_file:config/config.yaml loaded successfully with content: {'artifacts_root': 'artifacts', 'data_ingestion': {'root_dir': 'artifacts/data_ingestion', 'source_URL': 'https://github.com/Puzan789/Datas/raw/main/samsumdata.zip', 'local_data_file': 'artifacts/data_ingestion/data.zip', 'unzip_dir': 'artifacts/data_ingestion'}}
[2024-08-27 11:26:20,924:INFO:common:yaml_file:params.yaml loaded successfully with content: {'param1': 'value1', 'param2': {'nested_param': 'value2'}}
[2024-08-27 11:26:20,925:INFO:common:created directory at: artifacts
[2024-08-27 11:26:20,926:INFO:common:created directory at: artifacts/data_ingestion
[2024-08-27 11:26:36,454:INFO:common:yaml_file:config/config.yaml loaded successfully with content: {'artifacts_root': 'artifacts', 'data_ingestion': {'root_dir': 'artifacts/data_ingestion', 'source_URL': 'https://github.com/Puzan789/Datas/raw/main/samsumdata.zip', 'local_data_file': 'artifacts/data_ingestion/data.zip', 'unzip_dir': 'artifacts/data_ingestion'}}
[2024-08-27 11:26:36,456:INFO:common:yaml_file:params.yaml loaded successfully with content: {'param1': 'value1', 'param2': {'nested_param': 'value2'}}
[2024-08-27 11:26:36,457:INFO:common:created directory at: artifacts
[2024-08-27 11:26:36,458:INFO:common:created directory at: artifacts/data_ingestion
[2024-08-27 11:27:39,804:INFO:common:yaml_file:config/config.yaml loaded successfully with content: {'artifacts_root': 'artifacts', 'data_ingestion': {'root_dir': 'artifacts/data_ingestion', 'source_URL': 'https://github.com/Puzan789/Datas/raw/main/samsumdata.zip', 'local_data_file': 'artifacts/data_ingestion/data.zip', 'unzip_dir': 'artifacts/data_ingestion'}}
[2024-08-27 11:27:39,807:INFO:common:yaml_file:params.yaml loaded successfully with content: {'param1': 'value1', 'param2': {'nested_param': 'value2'}}
[2024-08-27 11:27:39,809:INFO:common:created directory at: artifacts
[2024-08-27 11:27:39,810:INFO:common:created directory at: artifacts/data_ingestion
[2024-08-27 11:27:58,825:INFO:common:yaml_file:config/config.yaml loaded successfully with content: {'artifacts_root': 'artifacts', 'data_ingestion': {'root_dir': 'artifacts/data_ingestion', 'source_URL': 'https://github.com/Puzan789/Datas/raw/main/samsumdata.zip', 'local_data_file': 'artifacts/data_ingestion/data.zip', 'unzip_dir': 'artifacts/data_ingestion'}}
[2024-08-27 11:27:58,827:INFO:common:yaml_file:params.yaml loaded successfully with content: {'param1': 'value1', 'param2': {'nested_param': 'value2'}}
[2024-08-27 11:27:58,829:INFO:common:created directory at: artifacts
[2024-08-27 11:27:58,829:INFO:common:created directory at: artifacts/data_ingestion
[2024-08-27 11:28:03,808:INFO:988055205:artifacts/data_ingestion/data.zip download! with following info :
 Connection: close
Content-Length: 23627009
Cache-Control: max-age=300
Content-Security-Policy: default-src 'none'; style-src 'unsafe-inline'; sandbox
Content-Type: application/zip
ETag: "2e7409b328d118a1d37018be788babf8bf9640386387da766ac100e96efa3b93"
Strict-Transport-Security: max-age=31536000
X-Content-Type-Options: nosniff
X-Frame-Options: deny
X-XSS-Protection: 1; mode=block
X-GitHub-Request-Id: 63FE:266D51:62BBD:894F5:66CD6763
Accept-Ranges: bytes
Date: Tue, 27 Aug 2024 05:43:01 GMT
Via: 1.1 varnish
X-Served-By: cache-del21729-DEL
X-Cache: MISS
X-Cache-Hits: 0
X-Timer: S1724737380.618602,VS0,VE1566
Vary: Authorization,Accept-Encoding,Origin
Access-Control-Allow-Origin: *
Cross-Origin-Resource-Policy: cross-origin
X-Fastly-Request-ID: 8185f6810bbd53b17be1525daf86206ccd12884c
Expires: Tue, 27 Aug 2024 05:48:01 GMT
Source-Age: 1


[2024-08-27 11:30:01,047:INFO:common:yaml_file:config/config.yaml loaded successfully with content: {'artifacts_root': 'artifacts', 'data_ingestion': {'root_dir': 'artifacts/data_ingestion', 'source_URL': 'https://github.com/Puzan789/Datas/raw/main/samsumdata.zip', 'local_data_file': 'artifacts/data_ingestion/data.zip', 'unzip_dir': 'artifacts/data_ingestion'}}
[2024-08-27 11:30:01,050:INFO:common:yaml_file:params.yaml loaded successfully with content: {'param1': 'value1', 'param2': {'nested_param': 'value2'}}
[2024-08-27 11:30:01,052:INFO:common:created directory at: artifacts
[2024-08-27 11:30:01,053:INFO:common:created directory at: artifacts/data_ingestion
[2024-08-27 11:30:04,329:INFO:988055205:artifacts/data_ingestion/data.zip download! with following info :
 Connection: close
Content-Length: 23627009
Cache-Control: max-age=300
Content-Security-Policy: default-src 'none'; style-src 'unsafe-inline'; sandbox
Content-Type: application/zip
ETag: "2e7409b328d118a1d37018be788babf8bf9640386387da766ac100e96efa3b93"
Strict-Transport-Security: max-age=31536000
X-Content-Type-Options: nosniff
X-Frame-Options: deny
X-XSS-Protection: 1; mode=block
X-GitHub-Request-Id: 63FE:266D51:62BBD:894F5:66CD6763
Accept-Ranges: bytes
Date: Tue, 27 Aug 2024 05:45:01 GMT
Via: 1.1 varnish
X-Served-By: cache-del21740-DEL
X-Cache: HIT
X-Cache-Hits: 0
X-Timer: S1724737501.394994,VS0,VE1
Vary: Authorization,Accept-Encoding,Origin
Access-Control-Allow-Origin: *
Cross-Origin-Resource-Policy: cross-origin
X-Fastly-Request-ID: 8072bb790e4445ea46181be25a9eb1ff169f0d44
Expires: Tue, 27 Aug 2024 05:50:01 GMT
Source-Age: 121


[2024-08-27 11:30:04,350:ERROR:1716928455:An error occurred while processing data ingestion: 
[2024-08-27 11:32:49,362:INFO:common:yaml_file:config/config.yaml loaded successfully with content: {'artifacts_root': 'artifacts', 'data_ingestion': {'root_dir': 'artifacts/data_ingestion', 'source_URL': 'https://github.com/Puzan789/Datas/raw/main/samsumdata.zip', 'local_data_file': 'artifacts/data_ingestion/data.zip', 'unzip_dir': 'artifacts/data_ingestion'}}
[2024-08-27 11:32:49,367:INFO:common:yaml_file:params.yaml loaded successfully with content: {'param1': 'value1', 'param2': {'nested_param': 'value2'}}
[2024-08-27 11:32:49,369:INFO:common:created directory at: artifacts
[2024-08-27 11:32:49,371:INFO:common:created directory at: artifacts/data_ingestion
[2024-08-27 11:32:51,902:INFO:988055205:artifacts/data_ingestion/data.zip download! with following info :
 Connection: close
Content-Length: 23627009
Cache-Control: max-age=300
Content-Security-Policy: default-src 'none'; style-src 'unsafe-inline'; sandbox
Content-Type: application/zip
ETag: "2e7409b328d118a1d37018be788babf8bf9640386387da766ac100e96efa3b93"
Strict-Transport-Security: max-age=31536000
X-Content-Type-Options: nosniff
X-Frame-Options: deny
X-XSS-Protection: 1; mode=block
X-GitHub-Request-Id: 63FE:266D51:62BBD:894F5:66CD6763
Accept-Ranges: bytes
Date: Tue, 27 Aug 2024 05:47:50 GMT
Via: 1.1 varnish
X-Served-By: cache-del21732-DEL
X-Cache: HIT
X-Cache-Hits: 0
X-Timer: S1724737670.055756,VS0,VE1
Vary: Authorization,Accept-Encoding,Origin
Access-Control-Allow-Origin: *
Cross-Origin-Resource-Policy: cross-origin
X-Fastly-Request-ID: 3534cea966a9e18d55fc9ba04b90d53ea1443e47
Expires: Tue, 27 Aug 2024 05:52:50 GMT
Source-Age: 290


[2024-08-27 11:32:51,914:ERROR:1716928455:An error occurred while processing data ingestion: 
[2024-08-27 11:36:19,308:INFO:common:yaml_file:config/config.yaml loaded successfully with content: {'artifacts_root': 'artifacts', 'data_ingestion': {'root_dir': 'artifacts/data_ingestion', 'source_URL': 'https://github.com/Puzan789/Datas/raw/main/samsumdata.zip', 'local_data_file': 'artifacts/data_ingestion/data.zip', 'unzip_dir': 'artifacts/data_ingestion'}}
[2024-08-27 11:36:19,312:INFO:common:yaml_file:params.yaml loaded successfully with content: {'param1': 'value1', 'param2': {'nested_param': 'value2'}}
[2024-08-27 11:36:19,314:INFO:common:created directory at: artifacts
[2024-08-27 11:36:19,315:INFO:common:created directory at: artifacts/data_ingestion
[2024-08-27 11:36:19,316:ERROR:1716928455:An error occurred while processing data ingestion: Argument path of type <class 'str'> to <function get_size at 0x76bc6833c540> does not match annotation type <class 'pathlib.Path'>
[2024-08-27 11:36:34,691:INFO:common:yaml_file:config/config.yaml loaded successfully with content: {'artifacts_root': 'artifacts', 'data_ingestion': {'root_dir': 'artifacts/data_ingestion', 'source_URL': 'https://github.com/Puzan789/Datas/raw/main/samsumdata.zip', 'local_data_file': 'artifacts/data_ingestion/data.zip', 'unzip_dir': 'artifacts/data_ingestion'}}
[2024-08-27 11:36:34,694:INFO:common:yaml_file:params.yaml loaded successfully with content: {'param1': 'value1', 'param2': {'nested_param': 'value2'}}
[2024-08-27 11:36:34,696:INFO:common:created directory at: artifacts
[2024-08-27 11:36:34,697:INFO:common:created directory at: artifacts/data_ingestion
[2024-08-27 11:36:36,946:INFO:381384157:artifacts/data_ingestion/data.zip download! with following info :
 Connection: close
Content-Length: 23627009
Cache-Control: max-age=300
Content-Security-Policy: default-src 'none'; style-src 'unsafe-inline'; sandbox
Content-Type: application/zip
ETag: "2e7409b328d118a1d37018be788babf8bf9640386387da766ac100e96efa3b93"
Strict-Transport-Security: max-age=31536000
X-Content-Type-Options: nosniff
X-Frame-Options: deny
X-XSS-Protection: 1; mode=block
X-GitHub-Request-Id: 63FE:266D51:62BBD:894F5:66CD6763
Accept-Ranges: bytes
Date: Tue, 27 Aug 2024 05:51:35 GMT
Via: 1.1 varnish
X-Served-By: cache-del21725-DEL
X-Cache: HIT
X-Cache-Hits: 0
X-Timer: S1724737895.286832,VS0,VE342
Vary: Authorization,Accept-Encoding,Origin
Access-Control-Allow-Origin: *
Cross-Origin-Resource-Policy: cross-origin
X-Fastly-Request-ID: 7cd256e93b94fd193d47e018960ec3e971d1eda6
Expires: Tue, 27 Aug 2024 05:56:35 GMT
Source-Age: 0


[2024-08-27 11:36:36,947:INFO:381384157:Extracting zip file to artifacts/data_ingestion
[2024-08-27 11:36:36,968:ERROR:381384157:An error occurred during extraction: 
[2024-08-27 11:36:36,969:ERROR:1716928455:An error occurred while processing data ingestion: 
[2024-08-27 12:01:28,941:INFO:common:yaml_file:config/config.yaml loaded successfully with content: {'artifacts_root': 'artifacts', 'data_ingestion': {'root_dir': 'artifacts/data_ingestion', 'source_URL': 'https://github.com/Puzan789/Datas/raw/main/samsumdata.zip', 'local_data_file': 'artifacts/data_ingestion/data.zip', 'unzip_dir': 'artifacts/data_ingestion'}}
[2024-08-27 12:01:28,943:INFO:common:yaml_file:params.yaml loaded successfully with content: {'param1': 'value1', 'param2': {'nested_param': 'value2'}}
[2024-08-27 12:01:28,944:INFO:common:created directory at: artifacts
[2024-08-27 12:01:28,945:INFO:common:created directory at: artifacts/data_ingestion
[2024-08-27 12:01:28,946:ERROR:1716928455:An error occurred while processing data ingestion: Argument path of type <class 'str'> to <function get_size at 0x76bc6833c540> does not match annotation type <class 'pathlib.Path'>
[2024-08-27 12:01:52,575:INFO:common:yaml_file:config/config.yaml loaded successfully with content: {'artifacts_root': 'artifacts', 'data_ingestion': {'root_dir': 'artifacts/data_ingestion', 'source_URL': 'https://github.com/Puzan789/Datas/raw/main/samsumdata.zip', 'local_data_file': 'artifacts/data_ingestion/data.zip', 'unzip_dir': 'artifacts/data_ingestion'}}
[2024-08-27 12:01:52,577:INFO:common:yaml_file:params.yaml loaded successfully with content: {'param1': 'value1', 'param2': {'nested_param': 'value2'}}
[2024-08-27 12:01:52,579:INFO:common:created directory at: artifacts
[2024-08-27 12:01:52,580:INFO:common:created directory at: artifacts/data_ingestion
[2024-08-27 12:01:55,007:INFO:747610327:artifacts/data_ingestion/data.zip download! with following info :
 Connection: close
Content-Length: 23627009
Cache-Control: max-age=300
Content-Security-Policy: default-src 'none'; style-src 'unsafe-inline'; sandbox
Content-Type: application/zip
ETag: "2e7409b328d118a1d37018be788babf8bf9640386387da766ac100e96efa3b93"
Strict-Transport-Security: max-age=31536000
X-Content-Type-Options: nosniff
X-Frame-Options: deny
X-XSS-Protection: 1; mode=block
X-GitHub-Request-Id: 63FE:266D51:62BBD:894F5:66CD6763
Accept-Ranges: bytes
Date: Tue, 27 Aug 2024 06:16:54 GMT
Via: 1.1 varnish
X-Served-By: cache-del21736-DEL
X-Cache: HIT
X-Cache-Hits: 0
X-Timer: S1724739414.753173,VS0,VE260
Vary: Authorization,Accept-Encoding,Origin
Access-Control-Allow-Origin: *
Cross-Origin-Resource-Policy: cross-origin
X-Fastly-Request-ID: 467cbaae3f9d5ecd4ab671ce85f1b930b02a0e66
Expires: Tue, 27 Aug 2024 06:21:54 GMT
Source-Age: 0


[2024-08-27 12:01:55,008:INFO:747610327:Extracting zip file to artifacts/data_ingestion
[2024-08-27 12:01:55,022:ERROR:747610327:An unexpected error occurred during extraction: 
[2024-08-27 12:01:55,023:ERROR:1716928455:An error occurred while processing data ingestion: 
[2024-08-27 12:03:03,304:INFO:common:yaml_file:config/config.yaml loaded successfully with content: {'artifacts_root': 'artifacts', 'data_ingestion': {'root_dir': 'artifacts/data_ingestion', 'source_URL': 'https://github.com/Puzan789/Datas/raw/main/samsumdata.zip', 'local_data_file': 'artifacts/data_ingestion/data.zip', 'unzip_dir': 'artifacts/data_ingestion'}}
[2024-08-27 12:03:03,307:INFO:common:yaml_file:params.yaml loaded successfully with content: {'param1': 'value1', 'param2': {'nested_param': 'value2'}}
[2024-08-27 12:03:03,308:INFO:common:created directory at: artifacts
[2024-08-27 12:03:03,310:INFO:common:created directory at: artifacts/data_ingestion
[2024-08-27 12:03:03,312:ERROR:1716928455:An error occurred while processing data ingestion: Argument path of type <class 'str'> to <function get_size at 0x76bc6833c540> does not match annotation type <class 'pathlib.Path'>
[2024-08-27 12:04:28,982:INFO:common:yaml_file:config/config.yaml loaded successfully with content: {'artifacts_root': 'artifacts', 'data_ingestion': {'root_dir': 'artifacts/data_ingestion', 'source_URL': 'https://github.com/Puzan789/Datas/raw/main/samsumdata.zip', 'local_data_file': 'artifacts/data_ingestion/data.zip', 'unzip_dir': 'artifacts/data_ingestion'}}
[2024-08-27 12:04:28,985:INFO:common:yaml_file:params.yaml loaded successfully with content: {'param1': 'value1', 'param2': {'nested_param': 'value2'}}
[2024-08-27 12:04:28,987:INFO:common:created directory at: artifacts
[2024-08-27 12:04:28,988:INFO:common:created directory at: artifacts/data_ingestion
[2024-08-27 12:04:28,990:ERROR:1716928455:An error occurred while processing data ingestion: Argument path of type <class 'str'> to <function get_size at 0x76bc6833c540> does not match annotation type <class 'pathlib.Path'>
[2024-08-27 12:04:48,219:INFO:common:yaml_file:config/config.yaml loaded successfully with content: {'artifacts_root': 'artifacts', 'data_ingestion': {'root_dir': 'artifacts/data_ingestion', 'source_URL': 'https://github.com/Puzan789/Datas/raw/main/samsumdata.zip', 'local_data_file': 'artifacts/data_ingestion/data.zip', 'unzip_dir': 'artifacts/data_ingestion'}}
[2024-08-27 12:04:48,224:INFO:common:yaml_file:params.yaml loaded successfully with content: {'param1': 'value1', 'param2': {'nested_param': 'value2'}}
[2024-08-27 12:04:48,226:INFO:common:created directory at: artifacts
[2024-08-27 12:04:48,228:INFO:common:created directory at: artifacts/data_ingestion
[2024-08-27 12:04:48,229:ERROR:1716928455:An error occurred while processing data ingestion: Argument path of type <class 'str'> to <function get_size at 0x76bc6833c540> does not match annotation type <class 'pathlib.Path'>
[2024-08-27 12:04:57,344:INFO:common:yaml_file:config/config.yaml loaded successfully with content: {'artifacts_root': 'artifacts', 'data_ingestion': {'root_dir': 'artifacts/data_ingestion', 'source_URL': 'https://github.com/Puzan789/Datas/raw/main/samsumdata.zip', 'local_data_file': 'artifacts/data_ingestion/data.zip', 'unzip_dir': 'artifacts/data_ingestion'}}
[2024-08-27 12:04:57,347:INFO:common:yaml_file:params.yaml loaded successfully with content: {'param1': 'value1', 'param2': {'nested_param': 'value2'}}
[2024-08-27 12:04:57,350:INFO:common:created directory at: artifacts
[2024-08-27 12:04:57,351:INFO:common:created directory at: artifacts/data_ingestion
[2024-08-27 12:04:59,831:INFO:4060748558:artifacts/data_ingestion/data.zip downloaded! with following info:
Connection: close
Content-Length: 23627009
Cache-Control: max-age=300
Content-Security-Policy: default-src 'none'; style-src 'unsafe-inline'; sandbox
Content-Type: application/zip
ETag: "2e7409b328d118a1d37018be788babf8bf9640386387da766ac100e96efa3b93"
Strict-Transport-Security: max-age=31536000
X-Content-Type-Options: nosniff
X-Frame-Options: deny
X-XSS-Protection: 1; mode=block
X-GitHub-Request-Id: 63FE:266D51:62BBD:894F5:66CD6763
Accept-Ranges: bytes
Date: Tue, 27 Aug 2024 06:19:58 GMT
Via: 1.1 varnish
X-Served-By: cache-del21732-DEL
X-Cache: HIT
X-Cache-Hits: 0
X-Timer: S1724739599.553498,VS0,VE1
Vary: Authorization,Accept-Encoding,Origin
Access-Control-Allow-Origin: *
Cross-Origin-Resource-Policy: cross-origin
X-Fastly-Request-ID: 3bf9528ac632143da213102f5553b3d8dac5dc56
Expires: Tue, 27 Aug 2024 06:24:58 GMT
Source-Age: 185


[2024-08-27 12:04:59,832:INFO:4060748558:Extracting zip file to artifacts/data_ingestion
[2024-08-27 12:04:59,851:ERROR:4060748558:An unexpected error occurred during extraction: 
[2024-08-27 12:04:59,852:ERROR:4060748558:Error details: 
[2024-08-27 12:04:59,853:ERROR:1716928455:An error occurred while processing data ingestion: 
[2024-08-27 12:06:21,829:INFO:common:yaml_file:config/config.yaml loaded successfully with content: {'artifacts_root': 'artifacts', 'data_ingestion': {'root_dir': 'artifacts/data_ingestion', 'source_URL': 'https://github.com/Puzan789/Datas/raw/main/samsumdata.zip', 'local_data_file': 'artifacts/data_ingestion/data.zip', 'unzip_dir': 'artifacts/data_ingestion'}}
[2024-08-27 12:06:21,832:INFO:common:yaml_file:params.yaml loaded successfully with content: {'param1': 'value1', 'param2': {'nested_param': 'value2'}}
[2024-08-27 12:06:21,834:INFO:common:created directory at: artifacts
[2024-08-27 12:06:21,836:INFO:common:created directory at: artifacts/data_ingestion
[2024-08-27 12:06:21,837:ERROR:1716928455:An error occurred while processing data ingestion: Argument path of type <class 'str'> to <function get_size at 0x76bc6833c540> does not match annotation type <class 'pathlib.Path'>
[2024-08-27 12:09:19,546:INFO:common:yaml_file:config/config.yaml loaded successfully with content: {'artifacts_root': 'artifacts', 'data_ingestion': {'root_dir': 'artifacts/data_ingestion', 'source_URL': 'https://github.com/Puzan789/Datas/raw/main/samsumdata.zip', 'local_data_file': 'artifacts/data_ingestion/data.zip', 'unzip_dir': 'artifacts/data_ingestion'}}
[2024-08-27 12:09:19,550:INFO:common:yaml_file:params.yaml loaded successfully with content: {'param1': 'value1', 'param2': {'nested_param': 'value2'}}
[2024-08-27 12:09:19,551:INFO:common:created directory at: artifacts
[2024-08-27 12:09:19,552:INFO:common:created directory at: artifacts/data_ingestion
[2024-08-27 12:09:19,553:ERROR:1716928455:An error occurred while processing data ingestion: Argument path of type <class 'str'> to <function get_size at 0x76bc6833c540> does not match annotation type <class 'pathlib.Path'>
[2024-08-27 12:14:45,739:INFO:common:yaml_file:config/config.yaml loaded successfully with content: {'artifacts_root': 'artifacts', 'data_ingestion': {'root_dir': 'artifacts/data_ingestion', 'source_URL': 'https://github.com/Puzan789/Datas/raw/main/samsumdata.zip', 'local_data_file': 'artifacts/data_ingestion/data.zip', 'unzip_dir': 'artifacts/data_ingestion'}}
[2024-08-27 12:14:45,744:INFO:common:yaml_file:params.yaml loaded successfully with content: {'param1': 'value1', 'param2': {'nested_param': 'value2'}}
[2024-08-27 12:14:45,747:INFO:common:created directory at: artifacts
[2024-08-27 12:14:45,748:INFO:common:created directory at: artifacts/data_ingestion
[2024-08-27 12:14:45,749:INFO:1370803912:File already exists with size:  ~0 KB
[2024-08-27 12:14:45,750:INFO:1370803912:Extracting zip file to artifacts/data_ingestion
[2024-08-27 12:14:45,752:ERROR:1370803912:Bad zip file: artifacts/data_ingestion/data.zip
[2024-08-27 12:14:45,752:ERROR:1716928455:An error occurred while processing data ingestion: File is not a zip file
[2024-08-27 12:18:55,075:INFO:common:yaml_file:config/config.yaml loaded successfully with content: {'artifacts_root': 'artifacts', 'data_ingestion': {'root_dir': 'artifacts/data_ingestion', 'source_URL': 'https://github.com/Puzan789/Datas/raw/main/samsumdata.zip', 'local_data_file': 'artifacts/data_ingestion/data.zip', 'unzip_dir': 'artifacts/data_ingestion'}}
[2024-08-27 12:18:55,078:INFO:common:yaml_file:params.yaml loaded successfully with content: {'param1': 'value1', 'param2': {'nested_param': 'value2'}}
[2024-08-27 12:18:55,079:INFO:common:created directory at: artifacts
[2024-08-27 12:18:55,080:INFO:common:created directory at: artifacts/data_ingestion
[2024-08-27 12:18:57,370:INFO:2841846646:artifacts/data_ingestion/data.zip downloaded! with following info:
Connection: close
Content-Length: 23627009
Cache-Control: max-age=300
Content-Security-Policy: default-src 'none'; style-src 'unsafe-inline'; sandbox
Content-Type: application/zip
ETag: "2e7409b328d118a1d37018be788babf8bf9640386387da766ac100e96efa3b93"
Strict-Transport-Security: max-age=31536000
X-Content-Type-Options: nosniff
X-Frame-Options: deny
X-XSS-Protection: 1; mode=block
X-GitHub-Request-Id: 63FE:266D51:62BBD:894F5:66CD6763
Accept-Ranges: bytes
Date: Tue, 27 Aug 2024 06:33:56 GMT
Via: 1.1 varnish
X-Served-By: cache-del21747-DEL
X-Cache: HIT
X-Cache-Hits: 0
X-Timer: S1724740436.215862,VS0,VE331
Vary: Authorization,Accept-Encoding,Origin
Access-Control-Allow-Origin: *
Cross-Origin-Resource-Policy: cross-origin
X-Fastly-Request-ID: 35660152a7275513c487b77b3874de1744bf3b02
Expires: Tue, 27 Aug 2024 06:38:56 GMT
Source-Age: 0


[2024-08-27 12:18:57,373:INFO:2841846646:Extracting zip file to artifacts/data_ingestion
[2024-08-27 12:18:57,392:ERROR:2841846646:An unexpected error occurred during extraction: 
[2024-08-27 12:18:57,393:ERROR:2841846646:Error type: EOFError
[2024-08-27 12:18:57,394:ERROR:2841846646:Error details: 
[2024-08-27 12:18:57,395:ERROR:1716928455:An error occurred while processing data ingestion: 
[2024-08-27 12:21:33,834:INFO:common:yaml_file:config/config.yaml loaded successfully
[2024-08-27 12:21:33,836:INFO:common:yaml_file:params.yaml loaded successfully
[2024-08-27 12:21:33,838:INFO:common:created directory at: artifacts
[2024-08-27 12:21:33,839:INFO:common:created directory at: artifacts/data_ingestion
[2024-08-27 12:21:35,756:INFO:2841846646:artifacts/data_ingestion/data.zip downloaded! with following info:
Connection: close
Content-Length: 23627009
Cache-Control: max-age=300
Content-Security-Policy: default-src 'none'; style-src 'unsafe-inline'; sandbox
Content-Type: application/zip
ETag: "2e7409b328d118a1d37018be788babf8bf9640386387da766ac100e96efa3b93"
Strict-Transport-Security: max-age=31536000
X-Content-Type-Options: nosniff
X-Frame-Options: deny
X-XSS-Protection: 1; mode=block
X-GitHub-Request-Id: 63FE:266D51:62BBD:894F5:66CD6763
Accept-Ranges: bytes
Date: Tue, 27 Aug 2024 06:36:34 GMT
Via: 1.1 varnish
X-Served-By: cache-del21741-DEL
X-Cache: HIT
X-Cache-Hits: 0
X-Timer: S1724740595.991799,VS0,VE1
Vary: Authorization,Accept-Encoding,Origin
Access-Control-Allow-Origin: *
Cross-Origin-Resource-Policy: cross-origin
X-Fastly-Request-ID: fc46f125de222aa1da8cbc0ad29418755ec87cea
Expires: Tue, 27 Aug 2024 06:41:34 GMT
Source-Age: 158


[2024-08-27 12:21:35,758:INFO:2841846646:Extracting zip file to artifacts/data_ingestion
[2024-08-27 12:21:35,777:ERROR:2841846646:An unexpected error occurred during extraction: 
[2024-08-27 12:21:35,778:ERROR:2841846646:Error type: EOFError
[2024-08-27 12:21:35,779:ERROR:2841846646:Error details: 
[2024-08-27 12:21:35,780:ERROR:1716928455:An error occurred while processing data ingestion: 
[2024-08-27 12:22:36,867:INFO:common:yaml_file:config/config.yaml loaded successfully
[2024-08-27 12:22:36,868:INFO:common:yaml_file:params.yaml loaded successfully
[2024-08-27 12:22:36,869:INFO:common:created directory at: artifacts
[2024-08-27 12:22:36,870:INFO:common:created directory at: artifacts/data_ingestion
[2024-08-27 12:22:39,439:INFO:2841846646:artifacts/data_ingestion/data.zip downloaded! with following info:
Connection: close
Content-Length: 23627009
Cache-Control: max-age=300
Content-Security-Policy: default-src 'none'; style-src 'unsafe-inline'; sandbox
Content-Type: application/zip
ETag: "2e7409b328d118a1d37018be788babf8bf9640386387da766ac100e96efa3b93"
Strict-Transport-Security: max-age=31536000
X-Content-Type-Options: nosniff
X-Frame-Options: deny
X-XSS-Protection: 1; mode=block
X-GitHub-Request-Id: 63FE:266D51:62BBD:894F5:66CD6763
Accept-Ranges: bytes
Date: Tue, 27 Aug 2024 06:37:37 GMT
Via: 1.1 varnish
X-Served-By: cache-del21746-DEL
X-Cache: HIT
X-Cache-Hits: 0
X-Timer: S1724740658.708885,VS0,VE1
Vary: Authorization,Accept-Encoding,Origin
Access-Control-Allow-Origin: *
Cross-Origin-Resource-Policy: cross-origin
X-Fastly-Request-ID: afb6735c0afdecee29ec44e6448a4dfd51457320
Expires: Tue, 27 Aug 2024 06:42:37 GMT
Source-Age: 221


[2024-08-27 12:22:39,440:INFO:2841846646:Extracting zip file to artifacts/data_ingestion
[2024-08-27 12:22:39,455:ERROR:2841846646:An unexpected error occurred during extraction: 
[2024-08-27 12:22:39,456:ERROR:2841846646:Error type: EOFError
[2024-08-27 12:22:39,457:ERROR:2841846646:Error details: 
[2024-08-27 12:22:39,458:ERROR:1716928455:An error occurred while processing data ingestion: 
[2024-08-27 12:23:28,244:INFO:common:yaml_file:config/config.yaml loaded successfully
[2024-08-27 12:23:28,245:INFO:common:yaml_file:params.yaml loaded successfully
[2024-08-27 12:23:28,247:INFO:common:created directory at: artifacts
[2024-08-27 12:23:28,248:INFO:common:created directory at: artifacts/data_ingestion
[2024-08-27 12:23:30,720:INFO:2841846646:artifacts/data_ingestion/data.zip downloaded! with following info:
Connection: close
Content-Length: 7903594
Cache-Control: max-age=300
Content-Security-Policy: default-src 'none'; style-src 'unsafe-inline'; sandbox
Content-Type: application/zip
ETag: "dbc016a060da18070593b83afff580c9b300f0b6ea4147a7988433e04df246ca"
Strict-Transport-Security: max-age=31536000
X-Content-Type-Options: nosniff
X-Frame-Options: deny
X-XSS-Protection: 1; mode=block
X-GitHub-Request-Id: 3BB0:26A119:76B98:9FFA0:66CD7465
Accept-Ranges: bytes
Date: Tue, 27 Aug 2024 06:38:30 GMT
Via: 1.1 varnish
X-Served-By: cache-del21732-DEL
X-Cache: MISS
X-Cache-Hits: 0
X-Timer: S1724740710.566718,VS0,VE707
Vary: Authorization,Accept-Encoding,Origin
Access-Control-Allow-Origin: *
Cross-Origin-Resource-Policy: cross-origin
X-Fastly-Request-ID: 262afd52741fd3913973ff98da8d3b9c2249f3e0
Expires: Tue, 27 Aug 2024 06:43:30 GMT
Source-Age: 0


[2024-08-27 12:23:30,721:INFO:2841846646:Extracting zip file to artifacts/data_ingestion
[2024-08-27 12:23:30,834:INFO:2841846646:Extraction completed successfully.
[2024-09-12 14:37:03,937:INFO:main:<><><> stage DATA INGESTION STAGE started <><><>
[2024-09-12 14:37:03,939:INFO:common:yaml_file:config/config.yaml loaded successfully
[2024-09-12 14:37:03,941:INFO:common:yaml_file:params.yaml loaded successfully
[2024-09-12 14:37:03,942:INFO:common:created directory at: artifacts
[2024-09-12 14:37:03,942:INFO:common:created directory at: artifacts/data_ingestion
[2024-09-12 14:37:03,942:INFO:data_ingestion:File already exists with size:  ~7718 KB
[2024-09-12 14:37:03,942:INFO:data_ingestion:Extracting zip file to artifacts/data_ingestion
[2024-09-12 14:37:04,713:INFO:data_ingestion:Extraction completed successfully.
[2024-09-12 14:37:04,713:INFO:main:<><><> stage DATA INGESTION STAGE completed successfully <><><>
[2024-09-12 16:29:44,499:INFO:common:yaml_file:config/config.yaml loaded successfully
[2024-09-12 16:29:44,507:INFO:common:yaml_file:params.yaml loaded successfully
[2024-09-12 16:29:44,509:INFO:common:created directory at: artifacts
[2024-09-12 16:29:44,510:INFO:common:created directory at: artifacts/data_validation
[2024-09-12 16:39:02,283:INFO:main:<><><> stage DATA INGESTION STAGE started <><><>
[2024-09-12 16:39:02,286:INFO:common:yaml_file:config/config.yaml loaded successfully
[2024-09-12 16:39:02,287:INFO:common:yaml_file:params.yaml loaded successfully
[2024-09-12 16:39:02,287:INFO:common:created directory at: artifacts
[2024-09-12 16:39:02,288:INFO:common:created directory at: artifacts/data_ingestion
[2024-09-12 16:39:04,614:INFO:data_ingestion:artifacts/data_ingestion/data.zip downloaded! with following info:
Connection: close
Content-Length: 7903594
Cache-Control: max-age=300
Content-Security-Policy: default-src 'none'; style-src 'unsafe-inline'; sandbox
Content-Type: application/zip
ETag: "dbc016a060da18070593b83afff580c9b300f0b6ea4147a7988433e04df246ca"
Strict-Transport-Security: max-age=31536000
X-Content-Type-Options: nosniff
X-Frame-Options: deny
X-XSS-Protection: 1; mode=block
X-GitHub-Request-Id: 5F89:1C9F54:71E97C:8F41A9:66E2C84A
Accept-Ranges: bytes
Date: Thu, 12 Sep 2024 10:54:04 GMT
Via: 1.1 varnish
X-Served-By: cache-del21729-DEL
X-Cache: MISS
X-Cache-Hits: 0
X-Timer: S1726138443.325915,VS0,VE854
Vary: Authorization,Accept-Encoding,Origin
Access-Control-Allow-Origin: *
Cross-Origin-Resource-Policy: cross-origin
X-Fastly-Request-ID: 90db7931202c6e04227d4e435747f12348dd41f4
Expires: Thu, 12 Sep 2024 10:59:04 GMT
Source-Age: 0


[2024-09-12 16:39:04,616:INFO:data_ingestion:Extracting zip file to artifacts/data_ingestion
[2024-09-12 16:39:05,244:INFO:data_ingestion:Extraction completed successfully.
[2024-09-12 16:39:05,245:INFO:main:<><><> stage DATA INGESTION STAGE completed successfully <><><>
[2024-09-12 16:39:05,246:INFO:main:<><><> stage DATA VALIDATION STAGE started <><><>
[2024-09-12 16:39:05,249:INFO:common:yaml_file:config/config.yaml loaded successfully
[2024-09-12 16:39:05,251:INFO:common:yaml_file:params.yaml loaded successfully
[2024-09-12 16:39:05,251:INFO:common:created directory at: artifacts
[2024-09-12 16:39:05,251:INFO:common:created directory at: artifacts/data_validation
[2024-09-12 16:39:05,253:INFO:main:<><><> stage DATA VALIDATION STAGE completed successfully <><><>
[2024-09-12 17:23:26,540:INFO:config:PyTorch version 2.4.0 available.
[2024-09-12 17:33:13,756:INFO:common:yaml_file:config/config.yaml loaded successfully
[2024-09-12 17:33:13,766:INFO:common:yaml_file:params.yaml loaded successfully
[2024-09-12 17:33:13,773:INFO:common:created directory at: artifacts
[2024-09-12 17:33:13,777:INFO:common:created directory at: artifacts/data_transformation
[2024-09-12 17:33:47,639:INFO:common:yaml_file:config/config.yaml loaded successfully
[2024-09-12 17:33:47,644:INFO:common:yaml_file:params.yaml loaded successfully
[2024-09-12 17:33:47,647:INFO:common:created directory at: artifacts
[2024-09-12 17:33:47,649:INFO:common:created directory at: artifacts/data_transformation
[2024-09-12 17:49:39,935:INFO:config:PyTorch version 2.4.0 available.
[2024-09-12 17:49:40,169:INFO:main:<><><> stage DATA INGESTION STAGE started <><><>
[2024-09-12 17:49:40,172:INFO:common:yaml_file:config/config.yaml loaded successfully
[2024-09-12 17:49:40,174:INFO:common:yaml_file:params.yaml loaded successfully
[2024-09-12 17:49:40,174:INFO:common:created directory at: artifacts
[2024-09-12 17:49:40,174:INFO:common:created directory at: artifacts/data_ingestion
[2024-09-12 17:49:41,831:INFO:data_ingestion:artifacts/data_ingestion/data.zip downloaded! with following info:
Connection: close
Content-Length: 7903594
Cache-Control: max-age=300
Content-Security-Policy: default-src 'none'; style-src 'unsafe-inline'; sandbox
Content-Type: application/zip
ETag: "dbc016a060da18070593b83afff580c9b300f0b6ea4147a7988433e04df246ca"
Strict-Transport-Security: max-age=31536000
X-Content-Type-Options: nosniff
X-Frame-Options: deny
X-XSS-Protection: 1; mode=block
X-GitHub-Request-Id: 5F89:1C9F54:71E97C:8F41A9:66E2C84A
Accept-Ranges: bytes
Date: Thu, 12 Sep 2024 12:04:41 GMT
Via: 1.1 varnish
X-Served-By: cache-del21720-DEL
X-Cache: HIT
X-Cache-Hits: 0
X-Timer: S1726142681.049961,VS0,VE295
Vary: Authorization,Accept-Encoding,Origin
Access-Control-Allow-Origin: *
Cross-Origin-Resource-Policy: cross-origin
X-Fastly-Request-ID: 0621632f7f75d1554f74cd1389051a8561ce5f60
Expires: Thu, 12 Sep 2024 12:09:41 GMT
Source-Age: 0


[2024-09-12 17:49:41,831:INFO:data_ingestion:Extracting zip file to artifacts/data_ingestion
[2024-09-12 17:49:42,332:INFO:data_ingestion:Extraction completed successfully.
[2024-09-12 17:49:42,333:INFO:main:<><><> stage DATA INGESTION STAGE completed successfully <><><>
[2024-09-12 17:49:42,333:INFO:main:<><><> stage DATA VALIDATION STAGE started <><><>
[2024-09-12 17:49:42,336:INFO:common:yaml_file:config/config.yaml loaded successfully
[2024-09-12 17:49:42,337:INFO:common:yaml_file:params.yaml loaded successfully
[2024-09-12 17:49:42,338:INFO:common:created directory at: artifacts
[2024-09-12 17:49:42,338:INFO:common:created directory at: artifacts/data_validation
[2024-09-12 17:49:42,340:INFO:main:<><><> stage DATA VALIDATION STAGE completed successfully <><><>
[2024-09-12 17:49:42,340:INFO:main:<><><> stage DATA TRANSFORMATION STAGE started <><><>
[2024-09-12 17:49:42,342:INFO:common:yaml_file:config/config.yaml loaded successfully
[2024-09-12 17:49:42,343:INFO:common:yaml_file:params.yaml loaded successfully
[2024-09-12 17:49:42,343:INFO:common:created directory at: artifacts
[2024-09-12 17:49:42,344:INFO:common:created directory at: artifacts/data_transformation
[2024-09-12 17:49:42,344:ERROR:main:DataTransformConfig() takes no arguments
Traceback (most recent call last):
  File "/media/puzan/NewVolume/textsummarizer/Text-summarizer/main.py", line 33, in <module>
    data_transformation.main()
  File "/media/puzan/NewVolume/textsummarizer/Text-summarizer/src/textSummarizer/pipeline/stage_03_data_transformation.py", line 16, in main
    raise e
  File "/media/puzan/NewVolume/textsummarizer/Text-summarizer/src/textSummarizer/pipeline/stage_03_data_transformation.py", line 12, in main
    data_transformation_config=config.get_data_transformation_config()
                               ^^^^^^^^^^^^^^^^^^^^^^^^^^^^^^^^^^^^^^^
  File "/media/puzan/NewVolume/textsummarizer/Text-summarizer/src/textSummarizer/config/configuration.py", line 37, in get_data_transformation_config
    data_transformation_config=DataTransformConfig(
                               ^^^^^^^^^^^^^^^^^^^^
TypeError: DataTransformConfig() takes no arguments
[2024-09-12 17:50:58,674:INFO:config:PyTorch version 2.4.0 available.
[2024-09-12 17:50:58,868:INFO:main:<><><> stage DATA INGESTION STAGE started <><><>
[2024-09-12 17:50:58,870:INFO:common:yaml_file:config/config.yaml loaded successfully
[2024-09-12 17:50:58,871:INFO:common:yaml_file:params.yaml loaded successfully
[2024-09-12 17:50:58,872:INFO:common:created directory at: artifacts
[2024-09-12 17:50:58,872:INFO:common:created directory at: artifacts/data_ingestion
[2024-09-12 17:50:58,873:INFO:data_ingestion:File already exists with size:  ~7718 KB
[2024-09-12 17:50:58,873:INFO:data_ingestion:Extracting zip file to artifacts/data_ingestion
[2024-09-12 17:50:59,435:INFO:data_ingestion:Extraction completed successfully.
[2024-09-12 17:50:59,436:INFO:main:<><><> stage DATA INGESTION STAGE completed successfully <><><>
[2024-09-12 17:50:59,436:INFO:main:<><><> stage DATA VALIDATION STAGE started <><><>
[2024-09-12 17:50:59,439:INFO:common:yaml_file:config/config.yaml loaded successfully
[2024-09-12 17:50:59,440:INFO:common:yaml_file:params.yaml loaded successfully
[2024-09-12 17:50:59,441:INFO:common:created directory at: artifacts
[2024-09-12 17:50:59,441:INFO:common:created directory at: artifacts/data_validation
[2024-09-12 17:50:59,443:INFO:main:<><><> stage DATA VALIDATION STAGE completed successfully <><><>
[2024-09-12 17:50:59,443:INFO:main:<><><> stage DATA TRANSFORMATION STAGE started <><><>
[2024-09-12 17:50:59,445:INFO:common:yaml_file:config/config.yaml loaded successfully
[2024-09-12 17:50:59,446:INFO:common:yaml_file:params.yaml loaded successfully
[2024-09-12 17:50:59,446:INFO:common:created directory at: artifacts
[2024-09-12 17:50:59,447:INFO:common:created directory at: artifacts/data_transformation
[2024-09-12 17:51:05,238:INFO:main:<><><> stage DATA TRANSFORMATION STAGE completed successfully <><><>
[2024-09-12 17:51:31,810:INFO:config:PyTorch version 2.4.0 available.
[2024-09-12 17:51:32,004:INFO:main:<><><> stage DATA INGESTION STAGE started <><><>
[2024-09-12 17:51:32,007:INFO:common:yaml_file:config/config.yaml loaded successfully
[2024-09-12 17:51:32,008:INFO:common:yaml_file:params.yaml loaded successfully
[2024-09-12 17:51:32,008:INFO:common:created directory at: artifacts
[2024-09-12 17:51:32,009:INFO:common:created directory at: artifacts/data_ingestion
[2024-09-12 17:51:32,815:INFO:data_ingestion:artifacts/data_ingestion/data.zip downloaded! with following info:
Connection: close
Content-Length: 7903594
Cache-Control: max-age=300
Content-Security-Policy: default-src 'none'; style-src 'unsafe-inline'; sandbox
Content-Type: application/zip
ETag: "dbc016a060da18070593b83afff580c9b300f0b6ea4147a7988433e04df246ca"
Strict-Transport-Security: max-age=31536000
X-Content-Type-Options: nosniff
X-Frame-Options: deny
X-XSS-Protection: 1; mode=block
X-GitHub-Request-Id: 5F89:1C9F54:71E97C:8F41A9:66E2C84A
Accept-Ranges: bytes
Date: Thu, 12 Sep 2024 12:06:32 GMT
Via: 1.1 varnish
X-Served-By: cache-del21739-DEL
X-Cache: HIT
X-Cache-Hits: 1
X-Timer: S1726142792.375440,VS0,VE9
Vary: Authorization,Accept-Encoding,Origin
Access-Control-Allow-Origin: *
Cross-Origin-Resource-Policy: cross-origin
X-Fastly-Request-ID: fd3479ff811718038d634787732975777f2e9d01
Expires: Thu, 12 Sep 2024 12:11:32 GMT
Source-Age: 111


[2024-09-12 17:51:32,816:INFO:data_ingestion:Extracting zip file to artifacts/data_ingestion
[2024-09-12 17:51:33,395:INFO:data_ingestion:Extraction completed successfully.
[2024-09-12 17:51:33,395:INFO:main:<><><> stage DATA INGESTION STAGE completed successfully <><><>
[2024-09-12 17:51:33,396:INFO:main:<><><> stage DATA VALIDATION STAGE started <><><>
[2024-09-12 17:51:33,398:INFO:common:yaml_file:config/config.yaml loaded successfully
[2024-09-12 17:51:33,399:INFO:common:yaml_file:params.yaml loaded successfully
[2024-09-12 17:51:33,400:INFO:common:created directory at: artifacts
[2024-09-12 17:51:33,400:INFO:common:created directory at: artifacts/data_validation
[2024-09-12 17:51:33,402:INFO:main:<><><> stage DATA VALIDATION STAGE completed successfully <><><>
[2024-09-12 17:51:33,402:INFO:main:<><><> stage DATA TRANSFORMATION STAGE started <><><>
[2024-09-12 17:51:33,404:INFO:common:yaml_file:config/config.yaml loaded successfully
[2024-09-12 17:51:33,405:INFO:common:yaml_file:params.yaml loaded successfully
[2024-09-12 17:51:33,406:INFO:common:created directory at: artifacts
[2024-09-12 17:51:33,406:INFO:common:created directory at: artifacts/data_transformation
[2024-09-12 17:51:38,744:INFO:main:<><><> stage DATA TRANSFORMATION STAGE completed successfully <><><>
[2024-09-12 18:12:06,382:INFO:config:PyTorch version 2.4.0 available.
[2024-09-12 18:29:10,936:INFO:common:yaml_file:config/config.yaml loaded successfully
[2024-09-12 18:29:10,951:INFO:common:yaml_file:params.yaml loaded successfully
[2024-09-12 18:31:48,835:INFO:common:yaml_file:config/config.yaml loaded successfully
[2024-09-12 18:31:48,840:INFO:common:yaml_file:params.yaml loaded successfully
[2024-09-12 18:31:48,843:INFO:common:created directory at: artifacts
[2024-09-12 19:12:47,050:INFO:config:PyTorch version 2.4.0 available.
[2024-09-12 19:12:47,392:INFO:common:yaml_file:config/config.yaml loaded successfully
[2024-09-12 19:12:47,396:INFO:common:yaml_file:params.yaml loaded successfully
[2024-09-12 19:12:47,397:INFO:common:created directory at: artifacts
[2024-09-12 20:24:51,874:INFO:config:PyTorch version 2.4.0 available.
[2024-09-12 20:24:52,043:INFO:main:<><><> stage DATA INGESTION STAGE started <><><>
[2024-09-12 20:24:52,045:INFO:common:yaml_file:config/config.yaml loaded successfully
[2024-09-12 20:24:52,047:INFO:common:yaml_file:params.yaml loaded successfully
[2024-09-12 20:24:52,047:INFO:common:created directory at: artifacts
[2024-09-12 20:24:52,048:INFO:common:created directory at: artifacts/data_ingestion
[2024-09-12 20:24:53,970:INFO:data_ingestion:artifacts/data_ingestion/data.zip downloaded! with following info:
Connection: close
Content-Length: 7903594
Cache-Control: max-age=300
Content-Security-Policy: default-src 'none'; style-src 'unsafe-inline'; sandbox
Content-Type: application/zip
ETag: "dbc016a060da18070593b83afff580c9b300f0b6ea4147a7988433e04df246ca"
Strict-Transport-Security: max-age=31536000
X-Content-Type-Options: nosniff
X-Frame-Options: deny
X-XSS-Protection: 1; mode=block
X-GitHub-Request-Id: 46B0:15C8F7:456043:547DE2:66E2FD38
Accept-Ranges: bytes
Date: Thu, 12 Sep 2024 14:39:53 GMT
Via: 1.1 varnish
X-Served-By: cache-del21720-DEL
X-Cache: MISS
X-Cache-Hits: 0
X-Timer: S1726151993.923245,VS0,VE548
Vary: Authorization,Accept-Encoding,Origin
Access-Control-Allow-Origin: *
Cross-Origin-Resource-Policy: cross-origin
X-Fastly-Request-ID: 04703e544d3f2d56071735dd1eb7900851eb9d02
Expires: Thu, 12 Sep 2024 14:44:53 GMT
Source-Age: 0


[2024-09-12 20:24:53,970:INFO:data_ingestion:Extracting zip file to artifacts/data_ingestion
[2024-09-12 20:24:54,279:INFO:data_ingestion:Extraction completed successfully.
[2024-09-12 20:24:54,279:INFO:main:<><><> stage DATA INGESTION STAGE completed successfully <><><>
[2024-09-12 20:24:54,279:INFO:main:<><><> stage DATA VALIDATION STAGE started <><><>
[2024-09-12 20:24:54,280:INFO:common:yaml_file:config/config.yaml loaded successfully
[2024-09-12 20:24:54,282:INFO:common:yaml_file:params.yaml loaded successfully
[2024-09-12 20:24:54,282:INFO:common:created directory at: artifacts
[2024-09-12 20:24:54,282:INFO:common:created directory at: artifacts/data_validation
[2024-09-12 20:24:54,283:INFO:main:<><><> stage DATA VALIDATION STAGE completed successfully <><><>
[2024-09-12 20:24:54,283:INFO:main:<><><> stage DATA TRANSFORMATION STAGE started <><><>
[2024-09-12 20:24:54,285:INFO:common:yaml_file:config/config.yaml loaded successfully
[2024-09-12 20:24:54,286:INFO:common:yaml_file:params.yaml loaded successfully
[2024-09-12 20:24:54,286:INFO:common:created directory at: artifacts
[2024-09-12 20:24:54,286:INFO:common:created directory at: artifacts/data_transformation
[2024-09-12 20:24:58,423:INFO:main:<><><> stage DATA TRANSFORMATION STAGE completed successfully <><><>
[2024-09-12 20:25:23,676:INFO:config:PyTorch version 2.4.0 available.
[2024-09-12 20:25:23,843:INFO:common:yaml_file:config/config.yaml loaded successfully
[2024-09-12 20:25:23,845:INFO:common:yaml_file:params.yaml loaded successfully
[2024-09-12 20:25:23,846:INFO:common:created directory at: artifacts
[2024-09-12 20:30:14,007:INFO:common:yaml_file:config/config.yaml loaded successfully
[2024-09-12 20:30:14,011:INFO:common:yaml_file:params.yaml loaded successfully
[2024-09-12 20:30:14,012:INFO:common:created directory at: artifacts
[2024-09-12 20:32:11,767:INFO:common:yaml_file:config/config.yaml loaded successfully
[2024-09-12 20:32:11,776:INFO:common:yaml_file:params.yaml loaded successfully
[2024-09-12 20:32:11,778:INFO:common:created directory at: artifacts
[2024-09-12 20:33:39,641:INFO:config:PyTorch version 2.4.0 available.
[2024-09-12 20:33:39,858:INFO:common:yaml_file:config/config.yaml loaded successfully
[2024-09-12 20:33:39,862:INFO:common:yaml_file:params.yaml loaded successfully
[2024-09-12 20:33:39,864:INFO:common:created directory at: artifacts
[2024-09-12 20:35:08,050:INFO:common:yaml_file:config/config.yaml loaded successfully
[2024-09-12 20:35:08,054:INFO:common:yaml_file:params.yaml loaded successfully
[2024-09-12 20:35:08,055:INFO:common:created directory at: artifacts
[2024-09-12 20:35:33,601:INFO:config:PyTorch version 2.4.0 available.
[2024-09-12 20:35:33,814:INFO:common:yaml_file:config/config.yaml loaded successfully
[2024-09-12 20:35:33,817:INFO:common:yaml_file:params.yaml loaded successfully
[2024-09-12 20:35:33,818:INFO:common:created directory at: artifacts
[2024-09-12 20:38:05,558:INFO:common:yaml_file:config/config.yaml loaded successfully
[2024-09-12 20:38:05,561:INFO:common:yaml_file:params.yaml loaded successfully
[2024-09-12 20:38:05,563:INFO:common:created directory at: artifacts
[2024-09-12 20:38:46,413:INFO:config:PyTorch version 2.4.0 available.
[2024-09-12 20:38:46,742:INFO:common:yaml_file:config/config.yaml loaded successfully
[2024-09-12 20:38:46,747:INFO:common:yaml_file:params.yaml loaded successfully
[2024-09-12 20:38:46,753:INFO:common:created directory at: artifacts
[2024-09-12 20:42:42,706:INFO:config:PyTorch version 2.4.0 available.
[2024-09-12 20:43:05,263:INFO:common:yaml_file:config/config.yaml loaded successfully
[2024-09-12 20:43:05,267:INFO:common:yaml_file:params.yaml loaded successfully
[2024-09-12 20:43:05,268:INFO:common:created directory at: artifacts
[2024-09-12 20:43:59,346:INFO:common:yaml_file:config/config.yaml loaded successfully
[2024-09-12 20:43:59,349:INFO:common:yaml_file:params.yaml loaded successfully
[2024-09-12 20:43:59,351:INFO:common:created directory at: artifacts
[2024-09-12 20:44:27,633:INFO:config:PyTorch version 2.4.0 available.
[2024-09-12 20:44:27,853:INFO:common:yaml_file:config/config.yaml loaded successfully
[2024-09-12 20:44:27,856:INFO:common:yaml_file:params.yaml loaded successfully
[2024-09-12 20:44:27,858:INFO:common:created directory at: artifacts
[2024-09-12 21:04:00,363:INFO:config:PyTorch version 2.4.0 available.
[2024-09-12 21:04:00,571:INFO:common:yaml_file:config/config.yaml loaded successfully
[2024-09-12 21:04:00,574:INFO:common:yaml_file:params.yaml loaded successfully
[2024-09-12 21:04:00,575:INFO:common:created directory at: artifacts
[2024-09-12 21:57:52,051:INFO:config:PyTorch version 2.4.0 available.
[2024-09-12 21:57:53,741:INFO:main:<><><> stage DATA INGESTION STAGE started <><><>
[2024-09-12 21:57:53,743:INFO:common:yaml_file:config/config.yaml loaded successfully
[2024-09-12 21:57:53,745:INFO:common:yaml_file:params.yaml loaded successfully
[2024-09-12 21:57:53,745:INFO:common:created directory at: artifacts
[2024-09-12 21:57:53,746:INFO:common:created directory at: artifacts/data_ingestion
[2024-09-12 21:57:55,711:INFO:data_ingestion:artifacts/data_ingestion/data.zip downloaded! with following info:
Connection: close
Content-Length: 7903594
Cache-Control: max-age=300
Content-Security-Policy: default-src 'none'; style-src 'unsafe-inline'; sandbox
Content-Type: application/zip
ETag: "dbc016a060da18070593b83afff580c9b300f0b6ea4147a7988433e04df246ca"
Strict-Transport-Security: max-age=31536000
X-Content-Type-Options: nosniff
X-Frame-Options: deny
X-XSS-Protection: 1; mode=block
X-GitHub-Request-Id: 5E34:119D05:B4AF5:D0BB5:66E31306
Accept-Ranges: bytes
Date: Thu, 12 Sep 2024 16:12:55 GMT
Via: 1.1 varnish
X-Served-By: cache-del21736-DEL
X-Cache: MISS
X-Cache-Hits: 0
X-Timer: S1726157575.559856,VS0,VE719
Vary: Authorization,Accept-Encoding,Origin
Access-Control-Allow-Origin: *
Cross-Origin-Resource-Policy: cross-origin
X-Fastly-Request-ID: c979228662b385295f3aefede01b6d01cd5532a3
Expires: Thu, 12 Sep 2024 16:17:55 GMT
Source-Age: 0


[2024-09-12 21:57:55,711:INFO:data_ingestion:Extracting zip file to artifacts/data_ingestion
[2024-09-12 21:57:56,491:INFO:data_ingestion:Extraction completed successfully.
[2024-09-12 21:57:56,491:INFO:main:<><><> stage DATA INGESTION STAGE completed successfully <><><>
[2024-09-12 21:57:56,491:INFO:main:<><><> stage DATA VALIDATION STAGE started <><><>
[2024-09-12 21:57:56,492:INFO:common:yaml_file:config/config.yaml loaded successfully
[2024-09-12 21:57:56,493:INFO:common:yaml_file:params.yaml loaded successfully
[2024-09-12 21:57:56,494:INFO:common:created directory at: artifacts
[2024-09-12 21:57:56,494:INFO:common:created directory at: artifacts/data_validation
[2024-09-12 21:57:56,495:INFO:main:<><><> stage DATA VALIDATION STAGE completed successfully <><><>
[2024-09-12 21:57:56,495:INFO:main:<><><> stage DATA TRANSFORMATION STAGE started <><><>
[2024-09-12 21:57:56,498:INFO:common:yaml_file:config/config.yaml loaded successfully
[2024-09-12 21:57:56,500:INFO:common:yaml_file:params.yaml loaded successfully
[2024-09-12 21:57:56,502:INFO:common:created directory at: artifacts
[2024-09-12 21:57:56,505:INFO:common:created directory at: artifacts/data_transformation
[2024-09-12 21:58:03,226:ERROR:main:[Errno 2] No such file or directory: '/media/puzan/NewVolume/textsummarizer/Text-summarizer/artifacts/data_ingestion/samsum_dataset/train/tmps3q9808_'
Traceback (most recent call last):
  File "/home/puzan/anaconda3/envs/textsumm/lib/python3.12/shutil.py", line 847, in move
    os.rename(src, real_dst)
FileNotFoundError: [Errno 2] No such file or directory: '/media/puzan/NewVolume/textsummarizer/Text-summarizer/artifacts/data_ingestion/samsum_dataset/train/tmps3q9808_' -> '/media/puzan/NewVolume/textsummarizer/Text-summarizer/artifacts/data_ingestion/samsum_dataset/train/cache-9f340a78f339e61e.arrow'

During handling of the above exception, another exception occurred:

Traceback (most recent call last):
  File "/media/puzan/NewVolume/textsummarizer/Text-summarizer/main.py", line 34, in <module>
    data_transformation.main()
  File "/media/puzan/NewVolume/textsummarizer/Text-summarizer/src/textSummarizer/pipeline/stage_03_data_transformation.py", line 16, in main
    raise e
  File "/media/puzan/NewVolume/textsummarizer/Text-summarizer/src/textSummarizer/pipeline/stage_03_data_transformation.py", line 14, in main
    data_transformation.convert()
  File "/media/puzan/NewVolume/textsummarizer/Text-summarizer/src/textSummarizer/components/data_transformation.py", line 24, in convert
    dataset_samsum_pt=dataset_samsum.map(self.convert_examples_to_features,batched=True)
                      ^^^^^^^^^^^^^^^^^^^^^^^^^^^^^^^^^^^^^^^^^^^^^^^^^^^^^^^^^^^^^^^^^^
  File "/home/puzan/anaconda3/envs/textsumm/lib/python3.12/site-packages/datasets/dataset_dict.py", line 870, in map
    k: dataset.map(
       ^^^^^^^^^^^^
  File "/home/puzan/anaconda3/envs/textsumm/lib/python3.12/site-packages/datasets/arrow_dataset.py", line 602, in wrapper
    out: Union["Dataset", "DatasetDict"] = func(self, *args, **kwargs)
                                           ^^^^^^^^^^^^^^^^^^^^^^^^^^^
  File "/home/puzan/anaconda3/envs/textsumm/lib/python3.12/site-packages/datasets/arrow_dataset.py", line 567, in wrapper
    out: Union["Dataset", "DatasetDict"] = func(self, *args, **kwargs)
                                           ^^^^^^^^^^^^^^^^^^^^^^^^^^^
  File "/home/puzan/anaconda3/envs/textsumm/lib/python3.12/site-packages/datasets/arrow_dataset.py", line 3167, in map
    for rank, done, content in Dataset._map_single(**dataset_kwargs):
  File "/home/puzan/anaconda3/envs/textsumm/lib/python3.12/site-packages/datasets/arrow_dataset.py", line 3603, in _map_single
    shutil.move(tmp_file.name, cache_file_name)
  File "/home/puzan/anaconda3/envs/textsumm/lib/python3.12/shutil.py", line 867, in move
    copy_function(src, real_dst)
  File "/home/puzan/anaconda3/envs/textsumm/lib/python3.12/shutil.py", line 475, in copy2
    copyfile(src, dst, follow_symlinks=follow_symlinks)
  File "/home/puzan/anaconda3/envs/textsumm/lib/python3.12/shutil.py", line 260, in copyfile
    with open(src, 'rb') as fsrc:
         ^^^^^^^^^^^^^^^
FileNotFoundError: [Errno 2] No such file or directory: '/media/puzan/NewVolume/textsummarizer/Text-summarizer/artifacts/data_ingestion/samsum_dataset/train/tmps3q9808_'
[2024-09-12 22:00:08,862:INFO:config:PyTorch version 2.4.0 available.
[2024-09-12 22:00:09,503:INFO:main:<><><> stage DATA INGESTION STAGE started <><><>
[2024-09-12 22:00:09,504:INFO:common:yaml_file:config/config.yaml loaded successfully
[2024-09-12 22:00:09,506:INFO:common:yaml_file:params.yaml loaded successfully
[2024-09-12 22:00:09,506:INFO:common:created directory at: artifacts
[2024-09-12 22:00:09,506:INFO:common:created directory at: artifacts/data_ingestion
[2024-09-12 22:00:10,799:INFO:data_ingestion:artifacts/data_ingestion/data.zip downloaded! with following info:
Connection: close
Content-Length: 7903594
Cache-Control: max-age=300
Content-Security-Policy: default-src 'none'; style-src 'unsafe-inline'; sandbox
Content-Type: application/zip
ETag: "dbc016a060da18070593b83afff580c9b300f0b6ea4147a7988433e04df246ca"
Strict-Transport-Security: max-age=31536000
X-Content-Type-Options: nosniff
X-Frame-Options: deny
X-XSS-Protection: 1; mode=block
X-GitHub-Request-Id: 5E34:119D05:B4AF5:D0BB5:66E31306
Accept-Ranges: bytes
Date: Thu, 12 Sep 2024 16:15:10 GMT
Via: 1.1 varnish
X-Served-By: cache-del21747-DEL
X-Cache: HIT
X-Cache-Hits: 0
X-Timer: S1726157710.347336,VS0,VE1
Vary: Authorization,Accept-Encoding,Origin
Access-Control-Allow-Origin: *
Cross-Origin-Resource-Policy: cross-origin
X-Fastly-Request-ID: 8bc006c5f43890b223e3a91928477048367b44f5
Expires: Thu, 12 Sep 2024 16:20:10 GMT
Source-Age: 135


[2024-09-12 22:00:10,799:INFO:data_ingestion:Extracting zip file to artifacts/data_ingestion
[2024-09-12 22:00:11,082:INFO:data_ingestion:Extraction completed successfully.
[2024-09-12 22:00:11,082:INFO:main:<><><> stage DATA INGESTION STAGE completed successfully <><><>
[2024-09-12 22:00:11,082:INFO:main:<><><> stage DATA VALIDATION STAGE started <><><>
[2024-09-12 22:00:11,084:INFO:common:yaml_file:config/config.yaml loaded successfully
[2024-09-12 22:00:11,086:INFO:common:yaml_file:params.yaml loaded successfully
[2024-09-12 22:00:11,086:INFO:common:created directory at: artifacts
[2024-09-12 22:00:11,086:INFO:common:created directory at: artifacts/data_validation
[2024-09-12 22:00:11,087:INFO:main:<><><> stage DATA VALIDATION STAGE completed successfully <><><>
[2024-09-12 22:00:11,087:INFO:main:<><><> stage DATA TRANSFORMATION STAGE started <><><>
[2024-09-12 22:00:11,089:INFO:common:yaml_file:config/config.yaml loaded successfully
[2024-09-12 22:00:11,090:INFO:common:yaml_file:params.yaml loaded successfully
[2024-09-12 22:00:11,090:INFO:common:created directory at: artifacts
[2024-09-12 22:00:11,090:INFO:common:created directory at: artifacts/data_transformation
[2024-09-12 22:00:14,981:ERROR:main:[Errno 2] No such file or directory: '/media/puzan/NewVolume/textsummarizer/Text-summarizer/artifacts/data_ingestion/samsum_dataset/train/tmpyqmw9011'
Traceback (most recent call last):
  File "/home/puzan/anaconda3/envs/textsumm/lib/python3.12/shutil.py", line 847, in move
    os.rename(src, real_dst)
FileNotFoundError: [Errno 2] No such file or directory: '/media/puzan/NewVolume/textsummarizer/Text-summarizer/artifacts/data_ingestion/samsum_dataset/train/tmpyqmw9011' -> '/media/puzan/NewVolume/textsummarizer/Text-summarizer/artifacts/data_ingestion/samsum_dataset/train/cache-9f340a78f339e61e.arrow'

During handling of the above exception, another exception occurred:

Traceback (most recent call last):
  File "/media/puzan/NewVolume/textsummarizer/Text-summarizer/main.py", line 34, in <module>
    data_transformation.main()
  File "/media/puzan/NewVolume/textsummarizer/Text-summarizer/src/textSummarizer/pipeline/stage_03_data_transformation.py", line 16, in main
    raise e
  File "/media/puzan/NewVolume/textsummarizer/Text-summarizer/src/textSummarizer/pipeline/stage_03_data_transformation.py", line 14, in main
    data_transformation.convert()
  File "/media/puzan/NewVolume/textsummarizer/Text-summarizer/src/textSummarizer/components/data_transformation.py", line 24, in convert
    dataset_samsum_pt=dataset_samsum.map(self.convert_examples_to_features,batched=True)
                      ^^^^^^^^^^^^^^^^^^^^^^^^^^^^^^^^^^^^^^^^^^^^^^^^^^^^^^^^^^^^^^^^^^
  File "/home/puzan/anaconda3/envs/textsumm/lib/python3.12/site-packages/datasets/dataset_dict.py", line 870, in map
    k: dataset.map(
       ^^^^^^^^^^^^
  File "/home/puzan/anaconda3/envs/textsumm/lib/python3.12/site-packages/datasets/arrow_dataset.py", line 602, in wrapper
    out: Union["Dataset", "DatasetDict"] = func(self, *args, **kwargs)
                                           ^^^^^^^^^^^^^^^^^^^^^^^^^^^
  File "/home/puzan/anaconda3/envs/textsumm/lib/python3.12/site-packages/datasets/arrow_dataset.py", line 567, in wrapper
    out: Union["Dataset", "DatasetDict"] = func(self, *args, **kwargs)
                                           ^^^^^^^^^^^^^^^^^^^^^^^^^^^
  File "/home/puzan/anaconda3/envs/textsumm/lib/python3.12/site-packages/datasets/arrow_dataset.py", line 3167, in map
    for rank, done, content in Dataset._map_single(**dataset_kwargs):
  File "/home/puzan/anaconda3/envs/textsumm/lib/python3.12/site-packages/datasets/arrow_dataset.py", line 3603, in _map_single
    shutil.move(tmp_file.name, cache_file_name)
  File "/home/puzan/anaconda3/envs/textsumm/lib/python3.12/shutil.py", line 867, in move
    copy_function(src, real_dst)
  File "/home/puzan/anaconda3/envs/textsumm/lib/python3.12/shutil.py", line 475, in copy2
    copyfile(src, dst, follow_symlinks=follow_symlinks)
  File "/home/puzan/anaconda3/envs/textsumm/lib/python3.12/shutil.py", line 260, in copyfile
    with open(src, 'rb') as fsrc:
         ^^^^^^^^^^^^^^^
FileNotFoundError: [Errno 2] No such file or directory: '/media/puzan/NewVolume/textsummarizer/Text-summarizer/artifacts/data_ingestion/samsum_dataset/train/tmpyqmw9011'
[2024-09-12 22:00:38,285:INFO:config:PyTorch version 2.4.0 available.
[2024-09-12 22:00:38,887:INFO:main:<><><> stage DATA INGESTION STAGE started <><><>
[2024-09-12 22:00:38,889:INFO:common:yaml_file:config/config.yaml loaded successfully
[2024-09-12 22:00:38,890:INFO:common:yaml_file:params.yaml loaded successfully
[2024-09-12 22:00:38,890:INFO:common:created directory at: artifacts
[2024-09-12 22:00:38,890:INFO:common:created directory at: artifacts/data_ingestion
[2024-09-12 22:00:39,704:INFO:data_ingestion:artifacts/data_ingestion/data.zip downloaded! with following info:
Connection: close
Content-Length: 7903594
Cache-Control: max-age=300
Content-Security-Policy: default-src 'none'; style-src 'unsafe-inline'; sandbox
Content-Type: application/zip
ETag: "dbc016a060da18070593b83afff580c9b300f0b6ea4147a7988433e04df246ca"
Strict-Transport-Security: max-age=31536000
X-Content-Type-Options: nosniff
X-Frame-Options: deny
X-XSS-Protection: 1; mode=block
X-GitHub-Request-Id: 5E34:119D05:B4AF5:D0BB5:66E31306
Accept-Ranges: bytes
Date: Thu, 12 Sep 2024 16:15:39 GMT
Via: 1.1 varnish
X-Served-By: cache-del21725-DEL
X-Cache: HIT
X-Cache-Hits: 0
X-Timer: S1726157739.261793,VS0,VE1
Vary: Authorization,Accept-Encoding,Origin
Access-Control-Allow-Origin: *
Cross-Origin-Resource-Policy: cross-origin
X-Fastly-Request-ID: 96932ee08300688288e6a0062a25afe7c68352ac
Expires: Thu, 12 Sep 2024 16:20:39 GMT
Source-Age: 164


[2024-09-12 22:00:39,704:ERROR:data_ingestion:An error occurred while downloading the file: [Errno 2] No such file or directory: 'artifacts/data_ingestion/data.zip'
[2024-09-12 22:00:39,705:ERROR:stage_01_data_ingestion:An error occurred while processing data ingestion: [Errno 2] No such file or directory: 'artifacts/data_ingestion/data.zip'
[2024-09-12 22:00:39,705:INFO:main:<><><> stage DATA INGESTION STAGE completed successfully <><><>
[2024-09-12 22:00:39,705:INFO:main:<><><> stage DATA VALIDATION STAGE started <><><>
[2024-09-12 22:00:39,708:INFO:common:yaml_file:config/config.yaml loaded successfully
[2024-09-12 22:00:39,711:INFO:common:yaml_file:params.yaml loaded successfully
[2024-09-12 22:00:39,712:INFO:common:created directory at: artifacts
[2024-09-12 22:00:39,712:INFO:common:created directory at: artifacts/data_validation
[2024-09-12 22:00:39,713:ERROR:main:[Errno 2] No such file or directory: 'artifacts/data_ingestion/samsum_dataset'
Traceback (most recent call last):
  File "/media/puzan/NewVolume/textsummarizer/Text-summarizer/main.py", line 23, in <module>
    data_validation.main()
  File "/media/puzan/NewVolume/textsummarizer/Text-summarizer/src/textSummarizer/pipeline/stage_02_datavalidation.py", line 17, in main
    raise e
  File "/media/puzan/NewVolume/textsummarizer/Text-summarizer/src/textSummarizer/pipeline/stage_02_datavalidation.py", line 15, in main
    data_validation.validate_all_files_exist()
  File "/media/puzan/NewVolume/textsummarizer/Text-summarizer/src/textSummarizer/components/data_validation.py", line 24, in validate_all_files_exist
    raise e
  File "/media/puzan/NewVolume/textsummarizer/Text-summarizer/src/textSummarizer/components/data_validation.py", line 12, in validate_all_files_exist
    all_files=os.listdir(os.path.join("artifacts","data_ingestion","samsum_dataset"))
              ^^^^^^^^^^^^^^^^^^^^^^^^^^^^^^^^^^^^^^^^^^^^^^^^^^^^^^^^^^^^^^^^^^^^^^^
FileNotFoundError: [Errno 2] No such file or directory: 'artifacts/data_ingestion/samsum_dataset'
[2024-09-12 22:02:50,067:INFO:config:PyTorch version 2.4.0 available.
[2024-09-12 22:02:50,720:INFO:main:<><><> stage DATA INGESTION STAGE started <><><>
[2024-09-12 22:02:50,721:INFO:common:yaml_file:config/config.yaml loaded successfully
[2024-09-12 22:02:50,723:INFO:common:yaml_file:params.yaml loaded successfully
[2024-09-12 22:02:50,723:INFO:common:created directory at: artifacts
[2024-09-12 22:02:50,724:INFO:common:created directory at: artifacts/data_ingestion
[2024-09-12 22:02:53,412:INFO:data_ingestion:artifacts/data_ingestion/data.zip downloaded! with following info:
Connection: close
Content-Length: 7903594
Cache-Control: max-age=300
Content-Security-Policy: default-src 'none'; style-src 'unsafe-inline'; sandbox
Content-Type: application/zip
ETag: "dbc016a060da18070593b83afff580c9b300f0b6ea4147a7988433e04df246ca"
Strict-Transport-Security: max-age=31536000
X-Content-Type-Options: nosniff
X-Frame-Options: deny
X-XSS-Protection: 1; mode=block
X-GitHub-Request-Id: 5E34:119D05:B4AF5:D0BB5:66E31306
Accept-Ranges: bytes
Date: Thu, 12 Sep 2024 16:17:51 GMT
Via: 1.1 varnish
X-Served-By: cache-del21723-DEL
X-Cache: HIT
X-Cache-Hits: 0
X-Timer: S1726157872.632517,VS0,VE1
Vary: Authorization,Accept-Encoding,Origin
Access-Control-Allow-Origin: *
Cross-Origin-Resource-Policy: cross-origin
X-Fastly-Request-ID: db64c793cf73d6e4915c7da43cd21cf56528384f
Expires: Thu, 12 Sep 2024 16:22:51 GMT
Source-Age: 297


[2024-09-12 22:02:53,413:INFO:data_ingestion:Extracting zip file to artifacts/data_ingestion
[2024-09-12 22:02:53,717:INFO:data_ingestion:Extraction completed successfully.
[2024-09-12 22:02:53,717:INFO:main:<><><> stage DATA INGESTION STAGE completed successfully <><><>
[2024-09-12 22:02:53,717:INFO:main:<><><> stage DATA VALIDATION STAGE started <><><>
[2024-09-12 22:02:53,719:INFO:common:yaml_file:config/config.yaml loaded successfully
[2024-09-12 22:02:53,719:INFO:common:yaml_file:params.yaml loaded successfully
[2024-09-12 22:02:53,720:INFO:common:created directory at: artifacts
[2024-09-12 22:02:53,720:INFO:common:created directory at: artifacts/data_validation
[2024-09-12 22:02:53,720:INFO:main:<><><> stage DATA VALIDATION STAGE completed successfully <><><>
[2024-09-12 22:03:14,094:INFO:config:PyTorch version 2.4.0 available.
[2024-09-12 22:03:14,753:INFO:main:<><><> stage DATA INGESTION STAGE started <><><>
[2024-09-12 22:03:14,755:INFO:common:yaml_file:config/config.yaml loaded successfully
[2024-09-12 22:03:14,756:INFO:common:yaml_file:params.yaml loaded successfully
[2024-09-12 22:03:14,756:INFO:common:created directory at: artifacts
[2024-09-12 22:03:14,757:INFO:common:created directory at: artifacts/data_ingestion
[2024-09-12 22:03:16,260:INFO:data_ingestion:artifacts/data_ingestion/data.zip downloaded! with following info:
Connection: close
Content-Length: 7903594
Cache-Control: max-age=300
Content-Security-Policy: default-src 'none'; style-src 'unsafe-inline'; sandbox
Content-Type: application/zip
ETag: "dbc016a060da18070593b83afff580c9b300f0b6ea4147a7988433e04df246ca"
Strict-Transport-Security: max-age=31536000
X-Content-Type-Options: nosniff
X-Frame-Options: deny
X-XSS-Protection: 1; mode=block
X-GitHub-Request-Id: 5E34:119D05:B4AF5:D0BB5:66E31306
Accept-Ranges: bytes
Date: Thu, 12 Sep 2024 16:18:15 GMT
Via: 1.1 varnish
X-Served-By: cache-del21742-DEL
X-Cache: HIT
X-Cache-Hits: 0
X-Timer: S1726157895.229529,VS0,VE279
Vary: Authorization,Accept-Encoding,Origin
Access-Control-Allow-Origin: *
Cross-Origin-Resource-Policy: cross-origin
X-Fastly-Request-ID: e7d3654ab595e00d177b23836fe86da723cf4bb1
Expires: Thu, 12 Sep 2024 16:23:15 GMT
Source-Age: 0


[2024-09-12 22:03:16,260:INFO:data_ingestion:Extracting zip file to artifacts/data_ingestion
[2024-09-12 22:03:16,595:INFO:data_ingestion:Extraction completed successfully.
[2024-09-12 22:03:16,595:INFO:main:<><><> stage DATA INGESTION STAGE completed successfully <><><>
[2024-09-12 22:03:38,285:INFO:config:PyTorch version 2.4.0 available.
[2024-09-12 22:03:38,883:INFO:main:<><><> stage DATA INGESTION STAGE started <><><>
[2024-09-12 22:03:38,885:INFO:common:yaml_file:config/config.yaml loaded successfully
[2024-09-12 22:03:38,887:INFO:common:yaml_file:params.yaml loaded successfully
[2024-09-12 22:03:38,887:INFO:common:created directory at: artifacts
[2024-09-12 22:03:38,888:INFO:common:created directory at: artifacts/data_ingestion
[2024-09-12 22:03:38,888:INFO:data_ingestion:File already exists with size:  ~7718 KB
[2024-09-12 22:03:38,888:INFO:data_ingestion:Extracting zip file to artifacts/data_ingestion
[2024-09-12 22:03:39,184:INFO:data_ingestion:Extraction completed successfully.
[2024-09-12 22:03:39,184:INFO:main:<><><> stage DATA INGESTION STAGE completed successfully <><><>
[2024-09-12 22:03:39,184:INFO:main:<><><> stage DATA VALIDATION STAGE started <><><>
[2024-09-12 22:03:39,187:INFO:common:yaml_file:config/config.yaml loaded successfully
[2024-09-12 22:03:39,189:INFO:common:yaml_file:params.yaml loaded successfully
[2024-09-12 22:03:39,189:INFO:common:created directory at: artifacts
[2024-09-12 22:03:39,189:INFO:common:created directory at: artifacts/data_validation
[2024-09-12 22:03:39,191:INFO:main:<><><> stage DATA VALIDATION STAGE completed successfully <><><>
[2024-09-12 22:03:54,275:INFO:config:PyTorch version 2.4.0 available.
[2024-09-12 22:03:54,864:INFO:main:<><><> stage DATA INGESTION STAGE started <><><>
[2024-09-12 22:03:54,866:INFO:common:yaml_file:config/config.yaml loaded successfully
[2024-09-12 22:03:54,867:INFO:common:yaml_file:params.yaml loaded successfully
[2024-09-12 22:03:54,867:INFO:common:created directory at: artifacts
[2024-09-12 22:03:54,868:INFO:common:created directory at: artifacts/data_ingestion
[2024-09-12 22:03:54,868:INFO:data_ingestion:File already exists with size:  ~7718 KB
[2024-09-12 22:03:54,868:INFO:data_ingestion:Extracting zip file to artifacts/data_ingestion
[2024-09-12 22:03:55,199:INFO:data_ingestion:Extraction completed successfully.
[2024-09-12 22:03:55,199:INFO:main:<><><> stage DATA INGESTION STAGE completed successfully <><><>
[2024-09-12 22:03:55,199:INFO:main:<><><> stage DATA VALIDATION STAGE started <><><>
[2024-09-12 22:03:55,201:INFO:common:yaml_file:config/config.yaml loaded successfully
[2024-09-12 22:03:55,203:INFO:common:yaml_file:params.yaml loaded successfully
[2024-09-12 22:03:55,203:INFO:common:created directory at: artifacts
[2024-09-12 22:03:55,203:INFO:common:created directory at: artifacts/data_validation
[2024-09-12 22:03:55,204:INFO:main:<><><> stage DATA VALIDATION STAGE completed successfully <><><>
[2024-09-12 22:03:55,204:INFO:main:<><><> stage DATA TRANSFORMATION STAGE started <><><>
[2024-09-12 22:03:55,206:INFO:common:yaml_file:config/config.yaml loaded successfully
[2024-09-12 22:03:55,207:INFO:common:yaml_file:params.yaml loaded successfully
[2024-09-12 22:03:55,208:INFO:common:created directory at: artifacts
[2024-09-12 22:03:55,208:INFO:common:created directory at: artifacts/data_transformation
[2024-09-12 22:03:59,676:INFO:main:<><><> stage DATA TRANSFORMATION STAGE completed successfully <><><>
[2024-09-12 22:04:08,565:INFO:config:PyTorch version 2.4.0 available.
[2024-09-12 22:04:09,193:INFO:main:<><><> stage DATA INGESTION STAGE started <><><>
[2024-09-12 22:04:09,195:INFO:common:yaml_file:config/config.yaml loaded successfully
[2024-09-12 22:04:09,196:INFO:common:yaml_file:params.yaml loaded successfully
[2024-09-12 22:04:09,197:INFO:common:created directory at: artifacts
[2024-09-12 22:04:09,197:INFO:common:created directory at: artifacts/data_ingestion
[2024-09-12 22:04:09,197:INFO:data_ingestion:File already exists with size:  ~7718 KB
[2024-09-12 22:04:09,197:INFO:data_ingestion:Extracting zip file to artifacts/data_ingestion
[2024-09-12 22:04:09,502:INFO:data_ingestion:Extraction completed successfully.
[2024-09-12 22:04:09,502:INFO:main:<><><> stage DATA INGESTION STAGE completed successfully <><><>
[2024-09-12 22:04:09,502:INFO:main:<><><> stage DATA VALIDATION STAGE started <><><>
[2024-09-12 22:04:09,503:INFO:common:yaml_file:config/config.yaml loaded successfully
[2024-09-12 22:04:09,504:INFO:common:yaml_file:params.yaml loaded successfully
[2024-09-12 22:04:09,504:INFO:common:created directory at: artifacts
[2024-09-12 22:04:09,505:INFO:common:created directory at: artifacts/data_validation
[2024-09-12 22:04:09,506:INFO:main:<><><> stage DATA VALIDATION STAGE completed successfully <><><>
[2024-09-12 22:04:09,506:INFO:main:<><><> stage DATA TRANSFORMATION STAGE started <><><>
[2024-09-12 22:04:09,507:INFO:common:yaml_file:config/config.yaml loaded successfully
[2024-09-12 22:04:09,508:INFO:common:yaml_file:params.yaml loaded successfully
[2024-09-12 22:04:09,509:INFO:common:created directory at: artifacts
[2024-09-12 22:04:09,509:INFO:common:created directory at: artifacts/data_transformation
[2024-09-12 22:04:11,130:INFO:main:<><><> stage DATA TRANSFORMATION STAGE completed successfully <><><>
[2024-09-12 22:04:11,130:INFO:main:<><><> stage MODEL TRAINING STAGE started <><><>
[2024-09-12 22:04:11,132:INFO:common:yaml_file:config/config.yaml loaded successfully
[2024-09-12 22:04:11,133:INFO:common:yaml_file:params.yaml loaded successfully
[2024-09-12 22:04:11,133:INFO:common:created directory at: artifacts
[2024-09-12 22:04:20,915:ERROR:main:CUDA error: CUDA-capable device(s) is/are busy or unavailable
CUDA kernel errors might be asynchronously reported at some other API call, so the stacktrace below might be incorrect.
For debugging consider passing CUDA_LAUNCH_BLOCKING=1
Compile with `TORCH_USE_CUDA_DSA` to enable device-side assertions.
Traceback (most recent call last):
  File "/media/puzan/NewVolume/textsummarizer/Text-summarizer/main.py", line 44, in <module>
    model_training.main()
  File "/media/puzan/NewVolume/textsummarizer/Text-summarizer/src/textSummarizer/pipeline/stage_04_modeltrainer.py", line 16, in main
    raise e
  File "/media/puzan/NewVolume/textsummarizer/Text-summarizer/src/textSummarizer/pipeline/stage_04_modeltrainer.py", line 14, in main
    model_trainer_config.train()
  File "/media/puzan/NewVolume/textsummarizer/Text-summarizer/src/textSummarizer/components/model_trainer.py", line 14, in train
    model_pegasus=AutoModelForSeq2SeqLM.from_pretrained(self.config.model_ckpt).to(device)
                  ^^^^^^^^^^^^^^^^^^^^^^^^^^^^^^^^^^^^^^^^^^^^^^^^^^^^^^^^^^^^^^^^^^^^^^^^
  File "/home/puzan/anaconda3/envs/textsumm/lib/python3.12/site-packages/transformers/modeling_utils.py", line 2905, in to
    return super().to(*args, **kwargs)
           ^^^^^^^^^^^^^^^^^^^^^^^^^^^
  File "/home/puzan/anaconda3/envs/textsumm/lib/python3.12/site-packages/torch/nn/modules/module.py", line 1174, in to
    return self._apply(convert)
           ^^^^^^^^^^^^^^^^^^^^
  File "/home/puzan/anaconda3/envs/textsumm/lib/python3.12/site-packages/torch/nn/modules/module.py", line 780, in _apply
    module._apply(fn)
  File "/home/puzan/anaconda3/envs/textsumm/lib/python3.12/site-packages/torch/nn/modules/module.py", line 780, in _apply
    module._apply(fn)
  File "/home/puzan/anaconda3/envs/textsumm/lib/python3.12/site-packages/torch/nn/modules/module.py", line 805, in _apply
    param_applied = fn(param)
                    ^^^^^^^^^
  File "/home/puzan/anaconda3/envs/textsumm/lib/python3.12/site-packages/torch/nn/modules/module.py", line 1160, in convert
    return t.to(
           ^^^^^
RuntimeError: CUDA error: CUDA-capable device(s) is/are busy or unavailable
CUDA kernel errors might be asynchronously reported at some other API call, so the stacktrace below might be incorrect.
For debugging consider passing CUDA_LAUNCH_BLOCKING=1
Compile with `TORCH_USE_CUDA_DSA` to enable device-side assertions.

[2024-09-12 22:55:52,208:INFO:main:1 change detected
[2024-09-12 22:55:52,844:INFO:main:1 change detected
[2024-09-12 22:55:53,195:INFO:main:1 change detected
[2024-09-12 22:55:53,546:INFO:main:1 change detected
[2024-09-12 22:55:53,897:INFO:main:4 changes detected
[2024-09-12 22:55:54,248:INFO:main:1 change detected
[2024-09-12 22:55:54,599:INFO:main:1 change detected
[2024-09-12 22:55:54,950:INFO:main:1 change detected
[2024-09-12 22:55:55,301:INFO:main:1 change detected
[2024-09-12 22:55:55,653:INFO:main:1 change detected
[2024-09-12 22:55:56,003:INFO:main:1 change detected
[2024-09-12 22:55:56,354:INFO:main:1 change detected
[2024-09-12 22:55:56,705:INFO:main:1 change detected
[2024-09-12 22:55:57,057:INFO:main:1 change detected
[2024-09-12 22:55:57,407:INFO:main:1 change detected
[2024-09-12 22:55:57,758:INFO:main:1 change detected
[2024-09-12 22:55:58,109:INFO:main:1 change detected
[2024-09-12 22:55:58,460:INFO:main:1 change detected
[2024-09-12 22:55:58,811:INFO:main:1 change detected
[2024-09-12 22:55:59,164:INFO:main:1 change detected
[2024-09-12 22:55:59,515:INFO:main:1 change detected
[2024-09-12 22:55:59,866:INFO:main:1 change detected
[2024-09-12 22:56:00,217:INFO:main:1 change detected
[2024-09-12 22:56:00,568:INFO:main:1 change detected
[2024-09-12 22:56:00,920:INFO:main:1 change detected
[2024-09-12 22:56:01,272:INFO:main:1 change detected
[2024-09-12 22:56:01,624:INFO:main:1 change detected
[2024-09-12 22:56:01,975:INFO:main:1 change detected
[2024-09-12 22:56:02,326:INFO:main:1 change detected
[2024-09-12 22:56:02,678:INFO:main:1 change detected
[2024-09-12 22:56:03,029:INFO:main:1 change detected
[2024-09-12 22:56:03,381:INFO:main:1 change detected
[2024-09-12 22:56:03,733:INFO:main:1 change detected
[2024-09-12 22:56:04,084:INFO:main:1 change detected
[2024-09-12 22:56:04,436:INFO:main:1 change detected
[2024-09-12 22:56:04,787:INFO:main:1 change detected
[2024-09-12 22:56:05,138:INFO:main:1 change detected
[2024-09-12 22:56:05,490:INFO:main:1 change detected
[2024-09-12 22:56:05,841:INFO:main:1 change detected
[2024-09-12 22:56:06,193:INFO:main:1 change detected
[2024-09-12 22:56:06,544:INFO:main:1 change detected
[2024-09-12 22:56:06,896:INFO:main:1 change detected
[2024-09-12 22:56:07,246:INFO:main:1 change detected
[2024-09-12 22:56:07,597:INFO:main:1 change detected
[2024-09-12 22:56:07,948:INFO:main:1 change detected
[2024-09-12 22:56:08,299:INFO:main:1 change detected
[2024-09-12 22:56:08,650:INFO:main:1 change detected
[2024-09-12 22:56:08,877:INFO:config:PyTorch version 2.4.0 available.
[2024-09-12 22:56:09,001:INFO:main:1 change detected
[2024-09-12 22:56:09,352:INFO:main:1 change detected
[2024-09-12 22:56:09,703:INFO:main:1 change detected
[2024-09-12 22:56:09,964:INFO:main:<><><> stage DATA INGESTION STAGE started <><><>
[2024-09-12 22:56:09,967:INFO:common:yaml_file:config/config.yaml loaded successfully
[2024-09-12 22:56:09,970:INFO:common:yaml_file:params.yaml loaded successfully
[2024-09-12 22:56:09,970:INFO:common:created directory at: artifacts
[2024-09-12 22:56:09,971:INFO:common:created directory at: artifacts/data_ingestion
[2024-09-12 22:56:09,971:INFO:data_ingestion:File already exists with size:  ~7718 KB
[2024-09-12 22:56:09,972:INFO:data_ingestion:Extracting zip file to artifacts/data_ingestion
[2024-09-12 22:56:10,054:INFO:main:9 changes detected
[2024-09-12 22:56:10,405:INFO:main:8 changes detected
[2024-09-12 22:56:10,426:INFO:data_ingestion:Extraction completed successfully.
[2024-09-12 22:56:10,426:INFO:main:<><><> stage DATA INGESTION STAGE completed successfully <><><>
[2024-09-12 22:56:10,427:INFO:main:<><><> stage DATA VALIDATION STAGE started <><><>
[2024-09-12 22:56:10,430:INFO:common:yaml_file:config/config.yaml loaded successfully
[2024-09-12 22:56:10,431:INFO:common:yaml_file:params.yaml loaded successfully
[2024-09-12 22:56:10,432:INFO:common:created directory at: artifacts
[2024-09-12 22:56:10,432:INFO:common:created directory at: artifacts/data_validation
[2024-09-12 22:56:10,434:INFO:main:<><><> stage DATA VALIDATION STAGE completed successfully <><><>
[2024-09-12 22:56:10,434:INFO:main:<><><> stage DATA TRANSFORMATION STAGE started <><><>
[2024-09-12 22:56:10,437:INFO:common:yaml_file:config/config.yaml loaded successfully
[2024-09-12 22:56:10,439:INFO:common:yaml_file:params.yaml loaded successfully
[2024-09-12 22:56:10,439:INFO:common:created directory at: artifacts
[2024-09-12 22:56:10,440:INFO:common:created directory at: artifacts/data_transformation
[2024-09-12 22:56:10,756:INFO:main:8 changes detected
[2024-09-12 22:56:11,108:INFO:main:1 change detected
[2024-09-12 22:56:11,459:INFO:main:1 change detected
[2024-09-12 22:56:11,810:INFO:main:1 change detected
[2024-09-12 22:56:12,162:INFO:main:1 change detected
[2024-09-12 22:56:12,513:INFO:main:6 changes detected
[2024-09-12 22:56:12,914:INFO:main:10 changes detected
[2024-09-12 22:56:12,936:INFO:main:<><><> stage DATA TRANSFORMATION STAGE completed successfully <><><>
[2024-09-12 22:56:12,937:INFO:main:<><><> stage MODEL TRAINING STAGE started <><><>
[2024-09-12 22:56:12,940:INFO:common:yaml_file:config/config.yaml loaded successfully
[2024-09-12 22:56:12,943:INFO:common:yaml_file:params.yaml loaded successfully
[2024-09-12 22:56:12,944:INFO:common:created directory at: artifacts
[2024-09-12 22:56:13,265:INFO:main:1 change detected
[2024-09-12 22:56:13,616:INFO:main:1 change detected
[2024-09-12 22:56:13,967:INFO:main:1 change detected
[2024-09-12 22:56:14,318:INFO:main:1 change detected
[2024-09-12 22:56:14,669:INFO:main:1 change detected
[2024-09-12 22:56:15,020:INFO:main:1 change detected
[2024-09-12 22:56:15,371:INFO:main:1 change detected
[2024-09-12 22:56:15,722:INFO:main:1 change detected
[2024-09-12 22:56:16,074:INFO:main:1 change detected
[2024-09-12 22:56:16,425:INFO:main:1 change detected
[2024-09-12 22:56:16,776:INFO:main:1 change detected
[2024-09-12 22:56:17,127:INFO:main:1 change detected
[2024-09-12 22:56:17,478:INFO:main:1 change detected
[2024-09-12 22:56:17,829:INFO:main:1 change detected
[2024-09-12 22:56:18,180:INFO:main:1 change detected
[2024-09-12 22:56:18,545:INFO:main:1 change detected
[2024-09-12 22:56:18,981:INFO:main:1 change detected
[2024-09-12 22:56:19,579:INFO:main:1 change detected
[2024-09-12 22:56:21,662:INFO:main:1 change detected
[2024-09-12 22:56:23,895:INFO:main:1 change detected
[2024-09-12 22:56:26,354:INFO:main:1 change detected
[2024-09-12 22:57:04,092:INFO:main:1 change detected
[2024-09-12 22:57:04,453:INFO:main:1 change detected
[2024-09-12 22:57:04,807:INFO:main:1 change detected
[2024-09-12 22:57:05,158:INFO:main:1 change detected
[2024-09-12 22:57:05,509:INFO:main:1 change detected
[2024-09-12 22:57:05,860:INFO:main:1 change detected
[2024-09-12 22:57:06,211:INFO:main:1 change detected
[2024-09-12 22:57:06,562:INFO:main:1 change detected
[2024-09-12 22:57:06,913:INFO:main:1 change detected
[2024-09-12 22:57:07,264:INFO:main:1 change detected
[2024-09-12 22:57:07,615:INFO:main:1 change detected
[2024-09-12 22:57:07,966:INFO:main:1 change detected
[2024-09-12 22:57:08,317:INFO:main:1 change detected
[2024-09-12 22:57:08,669:INFO:main:1 change detected
[2024-09-12 22:57:09,020:INFO:main:1 change detected
[2024-09-12 22:57:09,371:INFO:main:1 change detected
[2024-09-12 22:57:09,722:INFO:main:1 change detected
[2024-09-12 22:57:10,073:INFO:main:1 change detected
[2024-09-12 22:57:10,423:INFO:main:1 change detected
[2024-09-12 22:57:10,774:INFO:main:1 change detected
[2024-09-12 22:57:11,125:INFO:main:1 change detected
[2024-09-12 22:57:11,476:INFO:main:1 change detected
[2024-09-12 22:57:11,827:INFO:main:1 change detected
[2024-09-12 22:57:12,178:INFO:main:1 change detected
[2024-09-12 22:57:12,529:INFO:main:1 change detected
[2024-09-12 22:57:12,929:INFO:main:2 changes detected
[2024-09-12 22:57:13,281:INFO:main:1 change detected
[2024-09-12 22:57:13,632:INFO:main:1 change detected
[2024-09-12 22:57:13,983:INFO:main:1 change detected
[2024-09-12 22:57:14,334:INFO:main:1 change detected
[2024-09-12 22:57:14,687:INFO:main:1 change detected
[2024-09-12 22:57:15,037:INFO:main:1 change detected
[2024-09-12 22:57:15,389:INFO:main:1 change detected
[2024-09-12 22:57:15,741:INFO:main:1 change detected
[2024-09-12 22:57:16,094:INFO:main:1 change detected
[2024-09-12 22:57:16,451:INFO:main:1 change detected
[2024-09-12 22:57:16,854:INFO:main:1 change detected
[2024-09-12 22:57:17,241:INFO:main:1 change detected
[2024-09-12 22:57:17,608:INFO:main:1 change detected
[2024-09-12 22:57:17,965:INFO:main:1 change detected
[2024-09-12 22:57:18,316:INFO:main:1 change detected
[2024-09-12 22:57:18,667:INFO:main:1 change detected
[2024-09-12 22:57:19,018:INFO:main:1 change detected
[2024-09-12 22:57:19,369:INFO:main:1 change detected
